TN:
SF:src\lib\advancedAnalytics.ts
FN:40,(anonymous_0)
FN:62,(anonymous_1)
FN:152,(anonymous_2)
FN:205,(anonymous_3)
FN:234,(anonymous_4)
FN:255,(anonymous_5)
FN:304,(anonymous_6)
FN:336,(anonymous_7)
FN:353,(anonymous_8)
FN:394,(anonymous_9)
FN:435,(anonymous_10)
FN:480,(anonymous_11)
FN:501,(anonymous_12)
FN:516,(anonymous_13)
FN:534,(anonymous_14)
FN:560,(anonymous_15)
FN:562,(anonymous_16)
FN:578,(anonymous_17)
FN:581,(anonymous_18)
FN:605,(anonymous_19)
FN:607,(anonymous_20)
FN:624,(anonymous_21)
FN:631,(anonymous_22)
FN:638,(anonymous_23)
FN:652,(anonymous_24)
FN:659,(anonymous_25)
FN:666,(anonymous_26)
FN:668,(anonymous_27)
FN:689,(anonymous_28)
FN:691,(anonymous_29)
FN:692,(anonymous_30)
FN:717,(anonymous_31)
FN:740,(anonymous_32)
FN:743,(anonymous_33)
FN:764,(anonymous_34)
FN:768,(anonymous_35)
FN:779,(anonymous_36)
FN:782,(anonymous_37)
FN:804,(anonymous_38)
FN:829,(anonymous_39)
FN:854,(anonymous_40)
FN:875,(anonymous_41)
FN:877,(anonymous_42)
FN:896,(anonymous_43)
FN:899,(anonymous_44)
FN:921,(anonymous_45)
FN:941,(anonymous_46)
FN:943,(anonymous_47)
FN:962,(anonymous_48)
FN:982,(anonymous_49)
FN:1010,(anonymous_50)
FN:1013,(anonymous_51)
FN:1032,(anonymous_52)
FN:1052,(anonymous_53)
FN:1073,(anonymous_54)
FN:1095,(anonymous_55)
FN:1097,(anonymous_56)
FN:1101,(anonymous_57)
FN:1108,(anonymous_58)
FN:1126,(anonymous_59)
FN:1129,(anonymous_60)
FN:1139,(anonymous_61)
FN:1149,(anonymous_62)
FN:1153,(anonymous_63)
FN:1173,(anonymous_64)
FN:1195,(anonymous_65)
FN:1217,(anonymous_66)
FN:1221,(anonymous_67)
FN:1229,(anonymous_68)
FN:1239,(anonymous_69)
FN:1268,(anonymous_70)
FN:1269,(anonymous_71)
FN:1274,(anonymous_72)
FN:1289,(anonymous_73)
FN:1297,(anonymous_74)
FN:1300,(anonymous_75)
FN:1319,(anonymous_76)
FNF:77
FNH:0
FNDA:0,(anonymous_0)
FNDA:0,(anonymous_1)
FNDA:0,(anonymous_2)
FNDA:0,(anonymous_3)
FNDA:0,(anonymous_4)
FNDA:0,(anonymous_5)
FNDA:0,(anonymous_6)
FNDA:0,(anonymous_7)
FNDA:0,(anonymous_8)
FNDA:0,(anonymous_9)
FNDA:0,(anonymous_10)
FNDA:0,(anonymous_11)
FNDA:0,(anonymous_12)
FNDA:0,(anonymous_13)
FNDA:0,(anonymous_14)
FNDA:0,(anonymous_15)
FNDA:0,(anonymous_16)
FNDA:0,(anonymous_17)
FNDA:0,(anonymous_18)
FNDA:0,(anonymous_19)
FNDA:0,(anonymous_20)
FNDA:0,(anonymous_21)
FNDA:0,(anonymous_22)
FNDA:0,(anonymous_23)
FNDA:0,(anonymous_24)
FNDA:0,(anonymous_25)
FNDA:0,(anonymous_26)
FNDA:0,(anonymous_27)
FNDA:0,(anonymous_28)
FNDA:0,(anonymous_29)
FNDA:0,(anonymous_30)
FNDA:0,(anonymous_31)
FNDA:0,(anonymous_32)
FNDA:0,(anonymous_33)
FNDA:0,(anonymous_34)
FNDA:0,(anonymous_35)
FNDA:0,(anonymous_36)
FNDA:0,(anonymous_37)
FNDA:0,(anonymous_38)
FNDA:0,(anonymous_39)
FNDA:0,(anonymous_40)
FNDA:0,(anonymous_41)
FNDA:0,(anonymous_42)
FNDA:0,(anonymous_43)
FNDA:0,(anonymous_44)
FNDA:0,(anonymous_45)
FNDA:0,(anonymous_46)
FNDA:0,(anonymous_47)
FNDA:0,(anonymous_48)
FNDA:0,(anonymous_49)
FNDA:0,(anonymous_50)
FNDA:0,(anonymous_51)
FNDA:0,(anonymous_52)
FNDA:0,(anonymous_53)
FNDA:0,(anonymous_54)
FNDA:0,(anonymous_55)
FNDA:0,(anonymous_56)
FNDA:0,(anonymous_57)
FNDA:0,(anonymous_58)
FNDA:0,(anonymous_59)
FNDA:0,(anonymous_60)
FNDA:0,(anonymous_61)
FNDA:0,(anonymous_62)
FNDA:0,(anonymous_63)
FNDA:0,(anonymous_64)
FNDA:0,(anonymous_65)
FNDA:0,(anonymous_66)
FNDA:0,(anonymous_67)
FNDA:0,(anonymous_68)
FNDA:0,(anonymous_69)
FNDA:0,(anonymous_70)
FNDA:0,(anonymous_71)
FNDA:0,(anonymous_72)
FNDA:0,(anonymous_73)
FNDA:0,(anonymous_74)
FNDA:0,(anonymous_75)
FNDA:0,(anonymous_76)
DA:33,0
DA:34,0
DA:35,0
DA:36,0
DA:37,0
DA:38,0
DA:41,0
DA:55,0
DA:56,0
DA:75,0
DA:78,0
DA:79,0
DA:80,0
DA:83,0
DA:84,0
DA:87,0
DA:88,0
DA:89,0
DA:90,0
DA:91,0
DA:94,0
DA:97,0
DA:104,0
DA:138,0
DA:140,0
DA:141,0
DA:144,0
DA:145,0
DA:153,0
DA:163,0
DA:165,0
DA:166,0
DA:169,0
DA:170,0
DA:173,0
DA:174,0
DA:177,0
DA:178,0
DA:181,0
DA:189,0
DA:190,0
DA:191,0
DA:192,0
DA:195,0
DA:196,0
DA:199,0
DA:206,0
DA:215,0
DA:217,0
DA:218,0
DA:221,0
DA:222,0
DA:225,0
DA:226,0
DA:229,0
DA:230,0
DA:233,0
DA:234,0
DA:236,0
DA:240,0
DA:241,0
DA:242,0
DA:245,0
DA:246,0
DA:249,0
DA:256,0
DA:265,0
DA:267,0
DA:268,0
DA:271,0
DA:272,0
DA:275,0
DA:276,0
DA:279,0
DA:280,0
DA:283,0
DA:290,0
DA:291,0
DA:294,0
DA:295,0
DA:298,0
DA:305,0
DA:315,0
DA:317,0
DA:318,0
DA:321,0
DA:322,0
DA:325,0
DA:326,0
DA:329,0
DA:332,0
DA:335,0
DA:336,0
DA:338,0
DA:340,0
DA:343,0
DA:344,0
DA:347,0
DA:354,0
DA:364,0
DA:366,0
DA:367,0
DA:368,0
DA:371,0
DA:372,0
DA:375,0
DA:376,0
DA:379,0
DA:382,0
DA:385,0
DA:388,0
DA:398,0
DA:400,0
DA:402,0
DA:403,0
DA:404,0
DA:408,0
DA:409,0
DA:410,0
DA:414,0
DA:415,0
DA:416,0
DA:420,0
DA:421,0
DA:422,0
DA:426,0
DA:429,0
DA:442,0
DA:445,0
DA:446,0
DA:447,0
DA:451,0
DA:452,0
DA:453,0
DA:457,0
DA:458,0
DA:459,0
DA:463,0
DA:464,0
DA:465,0
DA:469,0
DA:470,0
DA:471,0
DA:474,0
DA:487,0
DA:490,0
DA:502,0
DA:505,0
DA:506,0
DA:507,0
DA:508,0
DA:510,0
DA:517,0
DA:519,0
DA:520,0
DA:521,0
DA:522,0
DA:525,0
DA:526,0
DA:527,0
DA:530,0
DA:535,0
DA:536,0
DA:538,0
DA:539,0
DA:541,0
DA:542,0
DA:543,0
DA:544,0
DA:545,0
DA:546,0
DA:549,0
DA:550,0
DA:551,0
DA:552,0
DA:553,0
DA:554,0
DA:557,0
DA:561,0
DA:562,0
DA:564,0
DA:565,0
DA:567,0
DA:568,0
DA:569,0
DA:570,0
DA:571,0
DA:572,0
DA:575,0
DA:579,0
DA:580,0
DA:581,0
DA:583,0
DA:584,0
DA:586,0
DA:587,0
DA:588,0
DA:589,0
DA:590,0
DA:591,0
DA:594,0
DA:595,0
DA:596,0
DA:597,0
DA:598,0
DA:599,0
DA:602,0
DA:606,0
DA:607,0
DA:609,0
DA:610,0
DA:612,0
DA:613,0
DA:614,0
DA:615,0
DA:616,0
DA:617,0
DA:620,0
DA:625,0
DA:627,0
DA:628,0
DA:631,0
DA:632,0
DA:635,0
DA:639,0
DA:641,0
DA:642,0
DA:645,0
DA:646,0
DA:649,0
DA:653,0
DA:655,0
DA:656,0
DA:659,0
DA:660,0
DA:663,0
DA:667,0
DA:668,0
DA:670,0
DA:671,0
DA:672,0
DA:674,0
DA:675,0
DA:676,0
DA:677,0
DA:678,0
DA:679,0
DA:680,0
DA:681,0
DA:683,0
DA:686,0
DA:690,0
DA:691,0
DA:692,0
DA:694,0
DA:695,0
DA:696,0
DA:698,0
DA:699,0
DA:700,0
DA:701,0
DA:702,0
DA:703,0
DA:704,0
DA:705,0
DA:706,0
DA:707,0
DA:708,0
DA:709,0
DA:711,0
DA:714,0
DA:718,0
DA:719,0
DA:721,0
DA:722,0
DA:723,0
DA:725,0
DA:726,0
DA:727,0
DA:728,0
DA:729,0
DA:730,0
DA:731,0
DA:732,0
DA:734,0
DA:737,0
DA:741,0
DA:742,0
DA:743,0
DA:745,0
DA:746,0
DA:747,0
DA:749,0
DA:750,0
DA:751,0
DA:752,0
DA:753,0
DA:754,0
DA:755,0
DA:756,0
DA:758,0
DA:761,0
DA:765,0
DA:767,0
DA:768,0
DA:769,0
DA:776,0
DA:780,0
DA:782,0
DA:783,0
DA:784,0
DA:786,0
DA:787,0
DA:789,0
DA:790,0
DA:792,0
DA:793,0
DA:795,0
DA:796,0
DA:801,0
DA:805,0
DA:806,0
DA:808,0
DA:809,0
DA:810,0
DA:812,0
DA:813,0
DA:814,0
DA:815,0
DA:816,0
DA:817,0
DA:818,0
DA:819,0
DA:822,0
DA:823,0
DA:826,0
DA:830,0
DA:831,0
DA:833,0
DA:834,0
DA:835,0
DA:837,0
DA:838,0
DA:839,0
DA:840,0
DA:841,0
DA:842,0
DA:843,0
DA:844,0
DA:847,0
DA:848,0
DA:851,0
DA:855,0
DA:856,0
DA:858,0
DA:859,0
DA:860,0
DA:862,0
DA:863,0
DA:864,0
DA:865,0
DA:866,0
DA:867,0
DA:868,0
DA:869,0
DA:872,0
DA:876,0
DA:877,0
DA:879,0
DA:880,0
DA:881,0
DA:883,0
DA:884,0
DA:885,0
DA:886,0
DA:887,0
DA:888,0
DA:889,0
DA:890,0
DA:893,0
DA:897,0
DA:899,0
DA:900,0
DA:901,0
DA:903,0
DA:904,0
DA:906,0
DA:907,0
DA:909,0
DA:910,0
DA:912,0
DA:913,0
DA:918,0
DA:922,0
DA:924,0
DA:925,0
DA:926,0
DA:928,0
DA:929,0
DA:930,0
DA:931,0
DA:932,0
DA:933,0
DA:934,0
DA:935,0
DA:938,0
DA:942,0
DA:943,0
DA:945,0
DA:946,0
DA:947,0
DA:949,0
DA:950,0
DA:951,0
DA:952,0
DA:953,0
DA:954,0
DA:955,0
DA:956,0
DA:959,0
DA:963,0
DA:965,0
DA:966,0
DA:967,0
DA:969,0
DA:970,0
DA:971,0
DA:972,0
DA:973,0
DA:974,0
DA:975,0
DA:976,0
DA:979,0
DA:983,0
DA:985,0
DA:986,0
DA:987,0
DA:988,0
DA:990,0
DA:991,0
DA:998,0
DA:999,0
DA:1007,0
DA:1011,0
DA:1013,0
DA:1014,0
DA:1015,0
DA:1020,0
DA:1021,0
DA:1029,0
DA:1033,0
DA:1034,0
DA:1036,0
DA:1037,0
DA:1039,0
DA:1040,0
DA:1041,0
DA:1044,0
DA:1045,0
DA:1046,0
DA:1049,0
DA:1053,0
DA:1054,0
DA:1055,0
DA:1057,0
DA:1058,0
DA:1060,0
DA:1061,0
DA:1062,0
DA:1065,0
DA:1066,0
DA:1067,0
DA:1070,0
DA:1074,0
DA:1075,0
DA:1077,0
DA:1078,0
DA:1080,0
DA:1081,0
DA:1082,0
DA:1085,0
DA:1086,0
DA:1087,0
DA:1088,0
DA:1092,0
DA:1096,0
DA:1097,0
DA:1099,0
DA:1101,0
DA:1102,0
DA:1105,0
DA:1109,0
DA:1111,0
DA:1112,0
DA:1115,0
DA:1116,0
DA:1119,0
DA:1120,0
DA:1123,0
DA:1127,0
DA:1128,0
DA:1129,0
DA:1131,0
DA:1132,0
DA:1135,0
DA:1139,0
DA:1150,0
DA:1151,0
DA:1153,0
DA:1155,0
DA:1156,0
DA:1159,0
DA:1174,0
DA:1175,0
DA:1177,0
DA:1178,0
DA:1181,0
DA:1196,0
DA:1198,0
DA:1199,0
DA:1202,0
DA:1218,0
DA:1222,0
DA:1223,0
DA:1226,0
DA:1230,0
DA:1231,0
DA:1232,0
DA:1233,0
DA:1241,0
DA:1249,0
DA:1257,0
DA:1265,0
DA:1269,0
DA:1270,0
DA:1275,0
DA:1278,0
DA:1279,0
DA:1280,0
DA:1283,0
DA:1295,0
DA:1296,0
DA:1297,0
DA:1299,0
DA:1300,0
DA:1303,0
DA:1304,0
DA:1305,0
DA:1308,0
DA:1320,0
DA:1321,0
DA:1322,0
DA:1323,0
DA:1324,0
DA:1326,0
LF:555
LH:0
BRDA:40,0,0,0
BRDA:75,1,0,0
BRDA:75,1,1,0
BRDA:79,2,0,0
BRDA:79,2,1,0
BRDA:236,3,0,0
BRDA:236,3,1,0
BRDA:237,4,0,0
BRDA:237,4,1,0
BRDA:338,5,0,0
BRDA:338,5,1,0
BRDA:339,6,0,0
BRDA:339,6,1,0
BRDA:403,7,0,0
BRDA:403,7,1,0
BRDA:409,8,0,0
BRDA:409,8,1,0
BRDA:415,9,0,0
BRDA:415,9,1,0
BRDA:421,10,0,0
BRDA:421,10,1,0
BRDA:445,11,0,0
BRDA:445,11,1,0
BRDA:451,12,0,0
BRDA:451,12,1,0
BRDA:457,13,0,0
BRDA:457,13,1,0
BRDA:463,14,0,0
BRDA:463,14,1,0
BRDA:469,15,0,0
BRDA:469,15,1,0
BRDA:487,16,0,0
BRDA:487,16,1,0
BRDA:488,17,0,0
BRDA:488,17,1,0
BRDA:505,18,0,0
BRDA:505,18,1,0
BRDA:506,19,0,0
BRDA:506,19,1,0
BRDA:507,20,0,0
BRDA:507,20,1,0
BRDA:508,21,0,0
BRDA:508,21,1,0
BRDA:519,22,0,0
BRDA:519,22,1,0
BRDA:520,23,0,0
BRDA:520,23,1,0
BRDA:521,24,0,0
BRDA:521,24,1,0
BRDA:522,25,0,0
BRDA:522,25,1,0
BRDA:525,26,0,0
BRDA:525,26,1,0
BRDA:526,27,0,0
BRDA:526,27,1,0
BRDA:527,28,0,0
BRDA:527,28,1,0
BRDA:535,29,0,0
BRDA:535,29,1,0
BRDA:536,30,0,0
BRDA:536,30,1,0
BRDA:541,31,0,0
BRDA:541,31,1,0
BRDA:544,32,0,0
BRDA:544,32,1,0
BRDA:549,33,0,0
BRDA:549,33,1,0
BRDA:552,34,0,0
BRDA:552,34,1,0
BRDA:561,35,0,0
BRDA:561,35,1,0
BRDA:567,36,0,0
BRDA:567,36,1,0
BRDA:570,37,0,0
BRDA:570,37,1,0
BRDA:579,38,0,0
BRDA:579,38,1,0
BRDA:586,39,0,0
BRDA:586,39,1,0
BRDA:589,40,0,0
BRDA:589,40,1,0
BRDA:594,41,0,0
BRDA:594,41,1,0
BRDA:594,42,0,0
BRDA:594,42,1,0
BRDA:597,43,0,0
BRDA:597,43,1,0
BRDA:597,44,0,0
BRDA:597,44,1,0
BRDA:606,45,0,0
BRDA:606,45,1,0
BRDA:612,46,0,0
BRDA:612,46,1,0
BRDA:615,47,0,0
BRDA:615,47,1,0
BRDA:627,48,0,0
BRDA:627,48,1,0
BRDA:631,49,0,0
BRDA:631,49,1,0
BRDA:641,50,0,0
BRDA:641,50,1,0
BRDA:645,51,0,0
BRDA:645,51,1,0
BRDA:655,52,0,0
BRDA:655,52,1,0
BRDA:659,53,0,0
BRDA:659,53,1,0
BRDA:667,54,0,0
BRDA:667,54,1,0
BRDA:674,55,0,0
BRDA:674,55,1,0
BRDA:678,56,0,0
BRDA:678,56,1,0
BRDA:690,57,0,0
BRDA:690,57,1,0
BRDA:698,58,0,0
BRDA:698,58,1,0
BRDA:702,59,0,0
BRDA:702,59,1,0
BRDA:706,60,0,0
BRDA:706,60,1,0
BRDA:718,61,0,0
BRDA:718,61,1,0
BRDA:719,62,0,0
BRDA:719,62,1,0
BRDA:725,63,0,0
BRDA:725,63,1,0
BRDA:729,64,0,0
BRDA:729,64,1,0
BRDA:741,65,0,0
BRDA:741,65,1,0
BRDA:749,66,0,0
BRDA:749,66,1,0
BRDA:753,67,0,0
BRDA:753,67,1,0
BRDA:753,68,0,0
BRDA:753,68,1,0
BRDA:767,69,0,0
BRDA:767,69,1,0
BRDA:783,70,0,0
BRDA:783,70,1,0
BRDA:783,71,0,0
BRDA:783,71,1,0
BRDA:784,72,0,0
BRDA:784,72,1,0
BRDA:784,72,2,0
BRDA:784,72,3,0
BRDA:805,73,0,0
BRDA:805,73,1,0
BRDA:806,74,0,0
BRDA:806,74,1,0
BRDA:812,75,0,0
BRDA:812,75,1,0
BRDA:816,76,0,0
BRDA:816,76,1,0
BRDA:822,77,0,0
BRDA:822,77,1,0
BRDA:830,78,0,0
BRDA:830,78,1,0
BRDA:831,79,0,0
BRDA:831,79,1,0
BRDA:837,80,0,0
BRDA:837,80,1,0
BRDA:841,81,0,0
BRDA:841,81,1,0
BRDA:847,82,0,0
BRDA:847,82,1,0
BRDA:855,83,0,0
BRDA:855,83,1,0
BRDA:856,84,0,0
BRDA:856,84,1,0
BRDA:862,85,0,0
BRDA:862,85,1,0
BRDA:862,86,0,0
BRDA:862,86,1,0
BRDA:866,87,0,0
BRDA:866,87,1,0
BRDA:866,88,0,0
BRDA:866,88,1,0
BRDA:876,89,0,0
BRDA:876,89,1,0
BRDA:883,90,0,0
BRDA:883,90,1,0
BRDA:887,91,0,0
BRDA:887,91,1,0
BRDA:900,92,0,0
BRDA:900,92,1,0
BRDA:901,93,0,0
BRDA:901,93,1,0
BRDA:901,93,2,0
BRDA:901,93,3,0
BRDA:922,94,0,0
BRDA:922,94,1,0
BRDA:928,95,0,0
BRDA:928,95,1,0
BRDA:932,96,0,0
BRDA:932,96,1,0
BRDA:942,97,0,0
BRDA:942,97,1,0
BRDA:949,98,0,0
BRDA:949,98,1,0
BRDA:953,99,0,0
BRDA:953,99,1,0
BRDA:963,100,0,0
BRDA:963,100,1,0
BRDA:969,101,0,0
BRDA:969,101,1,0
BRDA:973,102,0,0
BRDA:973,102,1,0
BRDA:986,103,0,0
BRDA:986,103,1,0
BRDA:987,104,0,0
BRDA:987,104,1,0
BRDA:988,105,0,0
BRDA:988,105,1,0
BRDA:990,106,0,0
BRDA:990,106,1,0
BRDA:998,107,0,0
BRDA:998,107,1,0
BRDA:1014,108,0,0
BRDA:1014,108,1,0
BRDA:1020,109,0,0
BRDA:1020,109,1,0
BRDA:1033,110,0,0
BRDA:1033,110,1,0
BRDA:1034,111,0,0
BRDA:1034,111,1,0
BRDA:1039,112,0,0
BRDA:1039,112,1,0
BRDA:1044,113,0,0
BRDA:1044,113,1,0
BRDA:1053,114,0,0
BRDA:1053,114,1,0
BRDA:1054,115,0,0
BRDA:1054,115,1,0
BRDA:1055,116,0,0
BRDA:1055,116,1,0
BRDA:1060,117,0,0
BRDA:1060,117,1,0
BRDA:1060,118,0,0
BRDA:1060,118,1,0
BRDA:1065,119,0,0
BRDA:1065,119,1,0
BRDA:1074,120,0,0
BRDA:1074,120,1,0
BRDA:1075,121,0,0
BRDA:1075,121,1,0
BRDA:1080,122,0,0
BRDA:1080,122,1,0
BRDA:1085,123,0,0
BRDA:1085,123,1,0
BRDA:1087,124,0,0
BRDA:1087,124,1,0
BRDA:1096,125,0,0
BRDA:1096,125,1,0
BRDA:1111,126,0,0
BRDA:1111,126,1,0
BRDA:1115,127,0,0
BRDA:1115,127,1,0
BRDA:1119,128,0,0
BRDA:1119,128,1,0
BRDA:1129,129,0,0
BRDA:1129,129,1,0
BRDA:1131,130,0,0
BRDA:1131,130,1,0
BRDA:1155,131,0,0
BRDA:1155,131,1,0
BRDA:1177,132,0,0
BRDA:1177,132,1,0
BRDA:1177,133,0,0
BRDA:1177,133,1,0
BRDA:1198,134,0,0
BRDA:1198,134,1,0
BRDA:1232,135,0,0
BRDA:1232,135,1,0
BRDA:1297,136,0,0
BRDA:1297,136,1,0
BRDA:1299,137,0,0
BRDA:1299,137,1,0
BRF:279
BRH:0
end_of_record
TN:
SF:src\lib\advancedGitAnalyzer.ts
FN:26,(anonymous_0)
FN:41,(anonymous_1)
FN:99,(anonymous_2)
FN:143,(anonymous_3)
FN:216,(anonymous_4)
FN:258,(anonymous_5)
FN:303,(anonymous_6)
FN:318,(anonymous_7)
FN:323,(anonymous_8)
FN:337,(anonymous_9)
FN:359,(anonymous_10)
FN:373,(anonymous_11)
FN:384,(anonymous_12)
FN:392,(anonymous_13)
FN:410,(anonymous_14)
FN:440,(anonymous_15)
FN:457,(anonymous_16)
FN:462,(anonymous_17)
FN:487,(anonymous_18)
FN:509,(anonymous_19)
FN:511,(anonymous_20)
FN:528,(anonymous_21)
FN:536,(anonymous_22)
FN:543,(anonymous_23)
FN:550,(anonymous_24)
FN:558,(anonymous_25)
FN:561,(anonymous_26)
FN:568,(anonymous_27)
FN:570,(anonymous_28)
FN:573,(anonymous_29)
FN:587,(anonymous_30)
FN:590,(anonymous_31)
FN:601,(anonymous_32)
FN:604,(anonymous_33)
FN:605,(anonymous_34)
FN:614,(anonymous_35)
FNF:36
FNH:34
FNDA:26,(anonymous_0)
FNDA:9,(anonymous_1)
FNDA:9,(anonymous_2)
FNDA:9,(anonymous_3)
FNDA:17,(anonymous_4)
FNDA:205,(anonymous_5)
FNDA:196,(anonymous_6)
FNDA:180,(anonymous_7)
FNDA:196,(anonymous_8)
FNDA:305,(anonymous_9)
FNDA:90,(anonymous_10)
FNDA:81,(anonymous_11)
FNDA:9,(anonymous_12)
FNDA:0,(anonymous_13)
FNDA:0,(anonymous_14)
FNDA:11,(anonymous_15)
FNDA:110,(anonymous_16)
FNDA:4,(anonymous_17)
FNDA:11,(anonymous_18)
FNDA:91,(anonymous_19)
FNDA:1,(anonymous_20)
FNDA:107,(anonymous_21)
FNDA:196,(anonymous_22)
FNDA:196,(anonymous_23)
FNDA:196,(anonymous_24)
FNDA:17,(anonymous_25)
FNDA:107,(anonymous_26)
FNDA:81,(anonymous_27)
FNDA:53,(anonymous_28)
FNDA:17,(anonymous_29)
FNDA:17,(anonymous_30)
FNDA:107,(anonymous_31)
FNDA:17,(anonymous_32)
FNDA:107,(anonymous_33)
FNDA:205,(anonymous_34)
FNDA:205,(anonymous_35)
DA:6,1
DA:22,1
DA:23,26
DA:24,26
DA:27,26
DA:28,26
DA:42,9
DA:44,9
DA:45,9
DA:48,9
DA:51,9
DA:54,9
DA:57,9
DA:60,9
DA:62,9
DA:69,9
DA:79,9
DA:80,9
DA:83,0
DA:84,0
DA:100,9
DA:102,9
DA:103,9
DA:106,0
DA:113,0
DA:115,0
DA:116,0
DA:118,0
DA:124,0
DA:126,0
DA:128,0
DA:132,0
DA:134,0
DA:136,0
DA:144,9
DA:146,9
DA:147,90
DA:210,9
DA:223,17
DA:225,17
DA:226,17
DA:227,17
DA:228,17
DA:232,17
DA:233,17
DA:234,17
DA:237,17
DA:238,107
DA:239,107
DA:240,107
DA:241,107
DA:243,107
DA:244,107
DA:245,107
DA:248,107
DA:249,107
DA:250,105
DA:251,57
DA:252,0
DA:254,107
DA:255,107
DA:258,107
DA:259,205
DA:260,205
DA:268,205
DA:269,205
DA:270,205
DA:271,205
DA:272,205
DA:274,205
DA:278,107
DA:290,107
DA:291,107
DA:292,107
DA:293,107
DA:294,107
DA:295,107
DA:296,107
DA:298,107
DA:302,17
DA:304,196
DA:305,196
DA:307,196
DA:318,180
DA:322,17
DA:324,196
DA:326,196
DA:327,196
DA:329,196
DA:337,305
DA:340,17
DA:350,17
DA:359,17
DA:360,90
DA:364,17
DA:370,17
DA:373,81
DA:385,9
DA:387,9
DA:392,0
DA:398,0
DA:403,0
DA:406,0
DA:410,0
DA:411,0
DA:412,0
DA:422,0
DA:428,9
DA:429,9
DA:445,11
DA:446,11
DA:453,11
DA:454,11
DA:457,110
DA:459,11
DA:462,11
DA:463,11
DA:464,11
DA:467,11
DA:471,11
DA:475,11
DA:491,11
DA:494,11
DA:495,1
DA:499,11
DA:500,1
DA:504,11
DA:505,0
DA:509,91
DA:510,11
DA:511,1
DA:515,11
DA:516,0
DA:520,11
DA:521,10
DA:524,11
DA:529,107
DA:530,107
DA:531,107
DA:533,107
DA:537,196
DA:538,196
DA:539,196
DA:540,196
DA:545,196
DA:546,196
DA:547,196
DA:551,196
DA:553,196
DA:554,196
DA:555,194
DA:559,17
DA:561,17
DA:562,107
DA:563,107
DA:564,107
DA:567,17
DA:568,81
DA:570,53
DA:578,17
DA:579,17
DA:581,17
DA:582,17
DA:583,16
DA:584,16
DA:588,17
DA:590,17
DA:591,107
DA:592,107
DA:593,98
DA:595,107
DA:598,17
DA:602,17
DA:604,17
DA:605,107
DA:606,205
DA:607,205
DA:611,17
DA:615,205
DA:616,205
DA:620,1
LF:181
LH:157
BRDA:26,0,0,1
BRDA:27,1,0,25
BRDA:27,1,1,1
BRDA:102,2,0,9
BRDA:102,2,1,0
BRDA:102,3,0,9
BRDA:102,3,1,9
BRDA:115,4,0,0
BRDA:115,4,1,0
BRDA:238,5,0,107
BRDA:238,5,1,1
BRDA:248,6,0,107
BRDA:248,6,1,3
BRDA:248,7,0,107
BRDA:248,7,1,3
BRDA:249,8,0,2
BRDA:249,8,1,105
BRDA:250,9,0,48
BRDA:250,9,1,57
BRDA:251,10,0,57
BRDA:251,10,1,0
BRDA:254,11,0,107
BRDA:254,11,1,3
BRDA:255,12,0,107
BRDA:255,12,1,3
BRDA:260,13,0,205
BRDA:260,13,1,196
BRDA:278,14,0,107
BRDA:278,14,1,98
BRDA:291,15,0,107
BRDA:291,15,1,3
BRDA:292,16,0,107
BRDA:292,16,1,3
BRDA:293,17,0,107
BRDA:293,17,1,1
BRDA:324,18,0,196
BRDA:324,18,1,0
BRDA:365,19,0,17
BRDA:365,19,1,0
BRDA:366,20,0,17
BRDA:366,20,1,0
BRDA:394,21,0,0
BRDA:394,21,1,0
BRDA:411,22,0,0
BRDA:411,22,1,0
BRDA:447,23,0,1
BRDA:447,23,1,10
BRDA:448,24,0,9
BRDA:448,24,1,1
BRDA:453,25,0,11
BRDA:453,25,1,0
BRDA:464,26,0,2
BRDA:464,26,1,9
BRDA:471,27,0,1
BRDA:471,27,1,10
BRDA:472,28,0,9
BRDA:472,28,1,1
BRDA:473,29,0,0
BRDA:473,29,1,1
BRDA:494,30,0,1
BRDA:494,30,1,10
BRDA:499,31,0,1
BRDA:499,31,1,10
BRDA:504,32,0,0
BRDA:504,32,1,11
BRDA:510,33,0,1
BRDA:510,33,1,10
BRDA:515,34,0,0
BRDA:515,34,1,11
BRDA:520,35,0,10
BRDA:520,35,1,1
BRDA:537,36,0,0
BRDA:537,36,1,196
BRDA:537,37,0,196
BRDA:537,37,1,0
BRDA:538,38,0,0
BRDA:538,38,1,196
BRDA:538,39,0,196
BRDA:538,39,1,0
BRDA:539,40,0,0
BRDA:539,40,1,196
BRDA:539,41,0,196
BRDA:539,41,1,0
BRDA:545,42,0,194
BRDA:545,42,1,2
BRDA:553,43,0,0
BRDA:553,43,1,196
BRDA:554,44,0,2
BRDA:554,44,1,194
BRDA:564,45,0,107
BRDA:564,45,1,98
BRDA:581,46,0,0
BRDA:581,46,1,17
BRDA:581,47,0,17
BRDA:581,47,1,17
BRDA:582,48,0,1
BRDA:582,48,1,16
BRDA:582,49,0,17
BRDA:582,49,1,17
BRDA:583,50,0,0
BRDA:583,50,1,16
BRDA:583,51,0,16
BRDA:583,51,1,16
BRDA:591,52,0,107
BRDA:591,52,1,1
BRDA:592,53,0,98
BRDA:592,53,1,9
BRDA:607,54,0,205
BRDA:607,54,1,16
BRDA:616,55,0,205
BRDA:616,55,1,0
BRF:111
BRH:86
end_of_record
TN:
SF:src\lib\aiSuggestionsEngine.ts
FN:29,(anonymous_0)
FN:45,(anonymous_1)
FN:74,(anonymous_2)
FN:93,(anonymous_3)
FN:151,(anonymous_4)
FN:159,(anonymous_5)
FN:211,(anonymous_6)
FN:214,(anonymous_7)
FN:219,(anonymous_8)
FN:220,(anonymous_9)
FN:278,(anonymous_10)
FN:334,(anonymous_11)
FN:341,(anonymous_12)
FN:372,(anonymous_13)
FN:373,(anonymous_14)
FN:376,(anonymous_15)
FN:395,(anonymous_16)
FN:408,(anonymous_17)
FN:413,(anonymous_18)
FN:441,(anonymous_19)
FN:474,(anonymous_20)
FN:508,(anonymous_21)
FN:543,(anonymous_22)
FN:609,(anonymous_23)
FN:617,(anonymous_24)
FN:618,(anonymous_25)
FN:619,(anonymous_26)
FN:627,(anonymous_27)
FN:634,(anonymous_28)
FN:635,(anonymous_29)
FNF:30
FNH:0
FNDA:0,(anonymous_0)
FNDA:0,(anonymous_1)
FNDA:0,(anonymous_2)
FNDA:0,(anonymous_3)
FNDA:0,(anonymous_4)
FNDA:0,(anonymous_5)
FNDA:0,(anonymous_6)
FNDA:0,(anonymous_7)
FNDA:0,(anonymous_8)
FNDA:0,(anonymous_9)
FNDA:0,(anonymous_10)
FNDA:0,(anonymous_11)
FNDA:0,(anonymous_12)
FNDA:0,(anonymous_13)
FNDA:0,(anonymous_14)
FNDA:0,(anonymous_15)
FNDA:0,(anonymous_16)
FNDA:0,(anonymous_17)
FNDA:0,(anonymous_18)
FNDA:0,(anonymous_19)
FNDA:0,(anonymous_20)
FNDA:0,(anonymous_21)
FNDA:0,(anonymous_22)
FNDA:0,(anonymous_23)
FNDA:0,(anonymous_24)
FNDA:0,(anonymous_25)
FNDA:0,(anonymous_26)
FNDA:0,(anonymous_27)
FNDA:0,(anonymous_28)
FNDA:0,(anonymous_29)
DA:27,0
DA:30,0
DA:50,0
DA:52,0
DA:53,0
DA:56,0
DA:57,0
DA:59,0
DA:60,0
DA:61,0
DA:62,0
DA:65,0
DA:66,0
DA:67,0
DA:68,0
DA:69,0
DA:70,0
DA:73,0
DA:75,0
DA:76,0
DA:77,0
DA:81,0
DA:82,0
DA:85,0
DA:86,0
DA:94,0
DA:95,0
DA:96,0
DA:97,0
DA:100,0
DA:101,0
DA:125,0
DA:126,0
DA:151,0
DA:152,0
DA:153,0
DA:159,0
DA:179,0
DA:180,0
DA:205,0
DA:212,0
DA:213,0
DA:214,0
DA:215,0
DA:219,0
DA:220,0
DA:222,0
DA:223,0
DA:248,0
DA:249,0
DA:274,0
DA:275,0
DA:278,0
DA:301,0
DA:302,0
DA:303,0
DA:328,0
DA:335,0
DA:336,0
DA:337,0
DA:340,0
DA:341,0
DA:342,0
DA:344,0
DA:345,0
DA:371,0
DA:372,0
DA:373,0
DA:376,0
DA:377,0
DA:395,0
DA:402,0
DA:409,0
DA:410,0
DA:413,0
DA:414,0
DA:415,0
DA:441,0
DA:442,0
DA:443,0
DA:468,0
DA:478,0
DA:481,0
DA:482,0
DA:508,0
DA:509,0
DA:511,0
DA:512,0
DA:537,0
DA:544,0
DA:545,0
DA:547,0
DA:548,0
DA:574,0
DA:575,0
DA:577,0
DA:578,0
DA:603,0
DA:617,0
DA:618,0
DA:619,0
DA:621,0
DA:627,0
DA:635,0
DA:637,0
DA:638,0
DA:642,0
DA:644,0
DA:646,0
DA:648,0
DA:650,0
DA:652,0
LF:112
LH:0
BRDA:29,0,0,0
BRDA:57,1,0,0
BRDA:57,1,1,0
BRDA:77,2,0,0
BRDA:77,2,1,0
BRDA:100,3,0,0
BRDA:100,3,1,0
BRDA:125,4,0,0
BRDA:125,4,1,0
BRDA:152,5,0,0
BRDA:152,5,1,0
BRDA:179,6,0,0
BRDA:179,6,1,0
BRDA:215,7,0,0
BRDA:215,7,1,0
BRDA:222,8,0,0
BRDA:222,8,1,0
BRDA:248,9,0,0
BRDA:248,9,1,0
BRDA:274,10,0,0
BRDA:274,10,1,0
BRDA:278,11,0,0
BRDA:278,11,1,0
BRDA:302,12,0,0
BRDA:302,12,1,0
BRDA:342,13,0,0
BRDA:342,13,1,0
BRDA:344,14,0,0
BRDA:344,14,1,0
BRDA:376,15,0,0
BRDA:376,15,1,0
BRDA:376,16,0,0
BRDA:376,16,1,0
BRDA:395,17,0,0
BRDA:395,17,1,0
BRDA:414,18,0,0
BRDA:414,18,1,0
BRDA:442,19,0,0
BRDA:442,19,1,0
BRDA:481,20,0,0
BRDA:481,20,1,0
BRDA:511,21,0,0
BRDA:511,21,1,0
BRDA:547,22,0,0
BRDA:547,22,1,0
BRDA:577,23,0,0
BRDA:577,23,1,0
BRDA:627,24,0,0
BRDA:627,24,1,0
BRDA:637,25,0,0
BRDA:637,25,1,0
BRDA:642,26,0,0
BRDA:642,26,1,0
BRDA:642,26,2,0
BRDA:642,26,3,0
BRDA:642,26,4,0
BRF:56
BRH:0
end_of_record
TN:
SF:src\lib\contextGenerator.ts
FN:32,(anonymous_0)
FN:57,(anonymous_1)
FN:71,(anonymous_2)
FN:83,(anonymous_3)
FN:96,(anonymous_4)
FN:99,(anonymous_5)
FN:100,(anonymous_6)
FN:101,(anonymous_7)
FN:102,(anonymous_8)
FN:103,(anonymous_9)
FN:104,(anonymous_10)
FN:105,(anonymous_11)
FN:106,(anonymous_12)
FN:107,(anonymous_13)
FN:108,(anonymous_14)
FN:109,(anonymous_15)
FN:110,(anonymous_16)
FN:112,(anonymous_17)
FN:114,(anonymous_18)
FN:116,(anonymous_19)
FN:119,(anonymous_20)
FN:120,(anonymous_21)
FN:121,(anonymous_22)
FN:125,(anonymous_23)
FN:154,(anonymous_24)
FN:163,(anonymous_25)
FN:182,(anonymous_26)
FN:188,(anonymous_27)
FN:203,(anonymous_28)
FN:212,(anonymous_29)
FN:220,(anonymous_30)
FN:229,(anonymous_31)
FN:246,(anonymous_32)
FN:251,(anonymous_33)
FN:254,(anonymous_34)
FN:255,(anonymous_35)
FN:260,(anonymous_36)
FN:263,(anonymous_37)
FN:277,(anonymous_38)
FN:284,(anonymous_39)
FN:291,(anonymous_40)
FN:292,(anonymous_41)
FN:301,(anonymous_42)
FN:324,(anonymous_43)
FN:347,(anonymous_44)
FN:371,(anonymous_45)
FN:394,(anonymous_46)
FN:426,(anonymous_47)
FN:428,(anonymous_48)
FN:432,(anonymous_49)
FN:434,(anonymous_50)
FN:445,(anonymous_51)
FN:469,(anonymous_52)
FN:491,(anonymous_53)
FN:492,(anonymous_54)
FN:503,(anonymous_55)
FN:518,(anonymous_56)
FN:544,(anonymous_57)
FN:554,(anonymous_58)
FN:557,(anonymous_59)
FN:558,(anonymous_60)
FN:563,(anonymous_61)
FN:564,(anonymous_62)
FN:564,(anonymous_63)
FN:568,(anonymous_64)
FN:573,(anonymous_65)
FN:574,(anonymous_66)
FN:580,(anonymous_67)
FN:588,(anonymous_68)
FN:589,(anonymous_69)
FN:590,(anonymous_70)
FN:600,(anonymous_71)
FN:609,(anonymous_72)
FN:620,(anonymous_73)
FN:623,(anonymous_74)
FN:630,(anonymous_75)
FN:633,(anonymous_76)
FN:638,(anonymous_77)
FN:639,(anonymous_78)
FN:644,(anonymous_79)
FN:646,(anonymous_80)
FN:655,(anonymous_81)
FN:667,(anonymous_82)
FN:672,(anonymous_83)
FN:686,(anonymous_84)
FN:689,(anonymous_85)
FN:690,(anonymous_86)
FN:695,(anonymous_87)
FN:703,(anonymous_88)
FN:704,(anonymous_89)
FN:705,(anonymous_90)
FN:713,(anonymous_91)
FN:718,(anonymous_92)
FN:727,(anonymous_93)
FN:731,(anonymous_94)
FN:739,(anonymous_95)
FN:749,(anonymous_96)
FN:753,(anonymous_97)
FN:761,(anonymous_98)
FN:772,(anonymous_99)
FN:788,(anonymous_100)
FN:792,(anonymous_101)
FN:803,(anonymous_102)
FN:821,(anonymous_103)
FN:831,(anonymous_104)
FN:848,(anonymous_105)
FN:865,(anonymous_106)
FN:882,(anonymous_107)
FN:900,(anonymous_108)
FN:928,(anonymous_109)
FN:951,(anonymous_110)
FN:960,(anonymous_111)
FN:973,(anonymous_112)
FN:986,(anonymous_113)
FN:997,(anonymous_114)
FN:1008,(anonymous_115)
FN:1019,(anonymous_116)
FN:1032,(anonymous_117)
FN:1051,(anonymous_118)
FN:1064,(anonymous_119)
FN:1077,(anonymous_120)
FN:1090,(anonymous_121)
FN:1103,(anonymous_122)
FN:1112,(anonymous_123)
FN:1126,(anonymous_124)
FN:1138,(anonymous_125)
FN:1147,(anonymous_126)
FN:1156,(anonymous_127)
FN:1172,(anonymous_128)
FN:1198,(anonymous_129)
FN:1208,(anonymous_130)
FN:1216,(anonymous_131)
FN:1224,(anonymous_132)
FN:1232,(anonymous_133)
FN:1240,(anonymous_134)
FN:1255,(anonymous_135)
FN:1267,(anonymous_136)
FN:1275,(anonymous_137)
FN:1284,(anonymous_138)
FN:1295,(anonymous_139)
FN:1303,(anonymous_140)
FNF:141
FNH:0
FNDA:0,(anonymous_0)
FNDA:0,(anonymous_1)
FNDA:0,(anonymous_2)
FNDA:0,(anonymous_3)
FNDA:0,(anonymous_4)
FNDA:0,(anonymous_5)
FNDA:0,(anonymous_6)
FNDA:0,(anonymous_7)
FNDA:0,(anonymous_8)
FNDA:0,(anonymous_9)
FNDA:0,(anonymous_10)
FNDA:0,(anonymous_11)
FNDA:0,(anonymous_12)
FNDA:0,(anonymous_13)
FNDA:0,(anonymous_14)
FNDA:0,(anonymous_15)
FNDA:0,(anonymous_16)
FNDA:0,(anonymous_17)
FNDA:0,(anonymous_18)
FNDA:0,(anonymous_19)
FNDA:0,(anonymous_20)
FNDA:0,(anonymous_21)
FNDA:0,(anonymous_22)
FNDA:0,(anonymous_23)
FNDA:0,(anonymous_24)
FNDA:0,(anonymous_25)
FNDA:0,(anonymous_26)
FNDA:0,(anonymous_27)
FNDA:0,(anonymous_28)
FNDA:0,(anonymous_29)
FNDA:0,(anonymous_30)
FNDA:0,(anonymous_31)
FNDA:0,(anonymous_32)
FNDA:0,(anonymous_33)
FNDA:0,(anonymous_34)
FNDA:0,(anonymous_35)
FNDA:0,(anonymous_36)
FNDA:0,(anonymous_37)
FNDA:0,(anonymous_38)
FNDA:0,(anonymous_39)
FNDA:0,(anonymous_40)
FNDA:0,(anonymous_41)
FNDA:0,(anonymous_42)
FNDA:0,(anonymous_43)
FNDA:0,(anonymous_44)
FNDA:0,(anonymous_45)
FNDA:0,(anonymous_46)
FNDA:0,(anonymous_47)
FNDA:0,(anonymous_48)
FNDA:0,(anonymous_49)
FNDA:0,(anonymous_50)
FNDA:0,(anonymous_51)
FNDA:0,(anonymous_52)
FNDA:0,(anonymous_53)
FNDA:0,(anonymous_54)
FNDA:0,(anonymous_55)
FNDA:0,(anonymous_56)
FNDA:0,(anonymous_57)
FNDA:0,(anonymous_58)
FNDA:0,(anonymous_59)
FNDA:0,(anonymous_60)
FNDA:0,(anonymous_61)
FNDA:0,(anonymous_62)
FNDA:0,(anonymous_63)
FNDA:0,(anonymous_64)
FNDA:0,(anonymous_65)
FNDA:0,(anonymous_66)
FNDA:0,(anonymous_67)
FNDA:0,(anonymous_68)
FNDA:0,(anonymous_69)
FNDA:0,(anonymous_70)
FNDA:0,(anonymous_71)
FNDA:0,(anonymous_72)
FNDA:0,(anonymous_73)
FNDA:0,(anonymous_74)
FNDA:0,(anonymous_75)
FNDA:0,(anonymous_76)
FNDA:0,(anonymous_77)
FNDA:0,(anonymous_78)
FNDA:0,(anonymous_79)
FNDA:0,(anonymous_80)
FNDA:0,(anonymous_81)
FNDA:0,(anonymous_82)
FNDA:0,(anonymous_83)
FNDA:0,(anonymous_84)
FNDA:0,(anonymous_85)
FNDA:0,(anonymous_86)
FNDA:0,(anonymous_87)
FNDA:0,(anonymous_88)
FNDA:0,(anonymous_89)
FNDA:0,(anonymous_90)
FNDA:0,(anonymous_91)
FNDA:0,(anonymous_92)
FNDA:0,(anonymous_93)
FNDA:0,(anonymous_94)
FNDA:0,(anonymous_95)
FNDA:0,(anonymous_96)
FNDA:0,(anonymous_97)
FNDA:0,(anonymous_98)
FNDA:0,(anonymous_99)
FNDA:0,(anonymous_100)
FNDA:0,(anonymous_101)
FNDA:0,(anonymous_102)
FNDA:0,(anonymous_103)
FNDA:0,(anonymous_104)
FNDA:0,(anonymous_105)
FNDA:0,(anonymous_106)
FNDA:0,(anonymous_107)
FNDA:0,(anonymous_108)
FNDA:0,(anonymous_109)
FNDA:0,(anonymous_110)
FNDA:0,(anonymous_111)
FNDA:0,(anonymous_112)
FNDA:0,(anonymous_113)
FNDA:0,(anonymous_114)
FNDA:0,(anonymous_115)
FNDA:0,(anonymous_116)
FNDA:0,(anonymous_117)
FNDA:0,(anonymous_118)
FNDA:0,(anonymous_119)
FNDA:0,(anonymous_120)
FNDA:0,(anonymous_121)
FNDA:0,(anonymous_122)
FNDA:0,(anonymous_123)
FNDA:0,(anonymous_124)
FNDA:0,(anonymous_125)
FNDA:0,(anonymous_126)
FNDA:0,(anonymous_127)
FNDA:0,(anonymous_128)
FNDA:0,(anonymous_129)
FNDA:0,(anonymous_130)
FNDA:0,(anonymous_131)
FNDA:0,(anonymous_132)
FNDA:0,(anonymous_133)
FNDA:0,(anonymous_134)
FNDA:0,(anonymous_135)
FNDA:0,(anonymous_136)
FNDA:0,(anonymous_137)
FNDA:0,(anonymous_138)
FNDA:0,(anonymous_139)
FNDA:0,(anonymous_140)
DA:28,0
DA:29,0
DA:30,0
DA:33,0
DA:40,0
DA:51,0
DA:59,0
DA:60,0
DA:64,0
DA:65,0
DA:72,0
DA:83,0
DA:84,0
DA:85,0
DA:86,0
DA:90,0
DA:98,0
DA:99,0
DA:100,0
DA:101,0
DA:102,0
DA:103,0
DA:104,0
DA:105,0
DA:106,0
DA:107,0
DA:108,0
DA:109,0
DA:110,0
DA:112,0
DA:114,0
DA:116,0
DA:119,0
DA:120,0
DA:121,0
DA:125,0
DA:136,0
DA:137,0
DA:138,0
DA:139,0
DA:144,0
DA:155,0
DA:156,0
DA:157,0
DA:158,0
DA:159,0
DA:160,0
DA:163,0
DA:164,0
DA:165,0
DA:166,0
DA:168,0
DA:169,0
DA:170,0
DA:171,0
DA:176,0
DA:183,0
DA:184,0
DA:187,0
DA:188,0
DA:189,0
DA:193,0
DA:194,0
DA:197,0
DA:198,0
DA:201,0
DA:202,0
DA:203,0
DA:204,0
DA:206,0
DA:209,0
DA:210,0
DA:211,0
DA:212,0
DA:213,0
DA:215,0
DA:218,0
DA:219,0
DA:220,0
DA:221,0
DA:223,0
DA:227,0
DA:228,0
DA:229,0
DA:230,0
DA:232,0
DA:235,0
DA:236,0
DA:237,0
DA:238,0
DA:239,0
DA:240,0
DA:241,0
DA:242,0
DA:246,0
DA:247,0
DA:250,0
DA:251,0
DA:252,0
DA:253,0
DA:254,0
DA:255,0
DA:256,0
DA:258,0
DA:259,0
DA:260,0
DA:261,0
DA:263,0
DA:268,0
DA:271,0
DA:278,0
DA:285,0
DA:292,0
DA:302,0
DA:318,0
DA:325,0
DA:341,0
DA:348,0
DA:365,0
DA:372,0
DA:388,0
DA:395,0
DA:411,0
DA:412,0
DA:420,0
DA:427,0
DA:428,0
DA:431,0
DA:432,0
DA:434,0
DA:446,0
DA:447,0
DA:448,0
DA:456,0
DA:463,0
DA:470,0
DA:476,0
DA:478,0
DA:479,0
DA:483,0
DA:484,0
DA:486,0
DA:490,0
DA:491,0
DA:492,0
DA:494,0
DA:497,0
DA:504,0
DA:512,0
DA:519,0
DA:522,0
DA:523,0
DA:526,0
DA:527,0
DA:530,0
DA:531,0
DA:534,0
DA:535,0
DA:538,0
DA:545,0
DA:555,0
DA:557,0
DA:558,0
DA:560,0
DA:563,0
DA:564,0
DA:569,0
DA:571,0
DA:572,0
DA:573,0
DA:574,0
DA:581,0
DA:587,0
DA:588,0
DA:589,0
DA:590,0
DA:592,0
DA:593,0
DA:594,0
DA:597,0
DA:601,0
DA:603,0
DA:604,0
DA:605,0
DA:608,0
DA:609,0
DA:610,0
DA:612,0
DA:613,0
DA:617,0
DA:621,0
DA:622,0
DA:623,0
DA:624,0
DA:627,0
DA:631,0
DA:632,0
DA:633,0
DA:634,0
DA:639,0
DA:640,0
DA:645,0
DA:646,0
DA:647,0
DA:656,0
DA:658,0
DA:659,0
DA:660,0
DA:661,0
DA:662,0
DA:664,0
DA:668,0
DA:669,0
DA:673,0
DA:683,0
DA:687,0
DA:689,0
DA:690,0
DA:692,0
DA:696,0
DA:698,0
DA:699,0
DA:701,0
DA:702,0
DA:703,0
DA:704,0
DA:705,0
DA:707,0
DA:710,0
DA:714,0
DA:715,0
DA:719,0
DA:721,0
DA:728,0
DA:732,0
DA:734,0
DA:735,0
DA:737,0
DA:738,0
DA:739,0
DA:740,0
DA:743,0
DA:746,0
DA:750,0
DA:752,0
DA:753,0
DA:754,0
DA:758,0
DA:762,0
DA:773,0
DA:775,0
DA:776,0
DA:777,0
DA:780,0
DA:781,0
DA:782,0
DA:785,0
DA:789,0
DA:791,0
DA:792,0
DA:793,0
DA:795,0
DA:796,0
DA:800,0
DA:804,0
DA:806,0
DA:807,0
DA:810,0
DA:811,0
DA:814,0
DA:815,0
DA:818,0
DA:822,0
DA:832,0
DA:845,0
DA:849,0
DA:862,0
DA:866,0
DA:879,0
DA:883,0
DA:896,0
DA:901,0
DA:903,0
DA:904,0
DA:905,0
DA:906,0
DA:907,0
DA:908,0
DA:911,0
DA:912,0
DA:913,0
DA:914,0
DA:915,0
DA:918,0
DA:919,0
DA:920,0
DA:921,0
DA:922,0
DA:925,0
DA:929,0
DA:931,0
DA:932,0
DA:933,0
DA:934,0
DA:936,0
DA:937,0
DA:938,0
DA:939,0
DA:942,0
DA:943,0
DA:944,0
DA:945,0
DA:948,0
DA:952,0
DA:961,0
DA:963,0
DA:964,0
DA:965,0
DA:966,0
DA:967,0
DA:970,0
DA:974,0
DA:976,0
DA:977,0
DA:978,0
DA:979,0
DA:980,0
DA:983,0
DA:987,0
DA:998,0
DA:1009,0
DA:1020,0
DA:1022,0
DA:1023,0
DA:1024,0
DA:1025,0
DA:1026,0
DA:1029,0
DA:1033,0
DA:1035,0
DA:1036,0
DA:1038,0
DA:1039,0
DA:1041,0
DA:1042,0
DA:1044,0
DA:1045,0
DA:1048,0
DA:1052,0
DA:1054,0
DA:1055,0
DA:1056,0
DA:1057,0
DA:1058,0
DA:1061,0
DA:1065,0
DA:1067,0
DA:1068,0
DA:1069,0
DA:1070,0
DA:1071,0
DA:1074,0
DA:1078,0
DA:1080,0
DA:1081,0
DA:1082,0
DA:1083,0
DA:1084,0
DA:1087,0
DA:1091,0
DA:1093,0
DA:1094,0
DA:1095,0
DA:1096,0
DA:1097,0
DA:1100,0
DA:1104,0
DA:1113,0
DA:1115,0
DA:1116,0
DA:1117,0
DA:1118,0
DA:1119,0
DA:1122,0
DA:1127,0
DA:1129,0
DA:1130,0
DA:1131,0
DA:1132,0
DA:1135,0
DA:1139,0
DA:1148,0
DA:1157,0
DA:1159,0
DA:1160,0
DA:1161,0
DA:1162,0
DA:1163,0
DA:1166,0
DA:1173,0
DA:1174,0
DA:1175,0
DA:1176,0
DA:1179,0
DA:1180,0
DA:1181,0
DA:1182,0
DA:1183,0
DA:1184,0
DA:1185,0
DA:1186,0
DA:1189,0
DA:1190,0
DA:1191,0
DA:1192,0
DA:1193,0
DA:1194,0
DA:1196,0
DA:1197,0
DA:1198,0
DA:1199,0
DA:1201,0
DA:1206,0
DA:1207,0
DA:1208,0
DA:1209,0
DA:1211,0
DA:1214,0
DA:1215,0
DA:1216,0
DA:1217,0
DA:1219,0
DA:1222,0
DA:1223,0
DA:1224,0
DA:1225,0
DA:1227,0
DA:1230,0
DA:1231,0
DA:1232,0
DA:1233,0
DA:1235,0
DA:1238,0
DA:1239,0
DA:1240,0
DA:1241,0
DA:1243,0
DA:1246,0
DA:1247,0
DA:1248,0
DA:1249,0
DA:1250,0
DA:1253,0
DA:1254,0
DA:1255,0
DA:1256,0
DA:1258,0
DA:1262,0
DA:1263,0
DA:1264,0
DA:1265,0
DA:1266,0
DA:1267,0
DA:1268,0
DA:1270,0
DA:1273,0
DA:1274,0
DA:1275,0
DA:1276,0
DA:1278,0
DA:1282,0
DA:1283,0
DA:1284,0
DA:1285,0
DA:1287,0
DA:1290,0
DA:1291,0
DA:1292,0
DA:1293,0
DA:1294,0
DA:1295,0
DA:1296,0
DA:1298,0
DA:1301,0
DA:1302,0
DA:1303,0
DA:1304,0
DA:1306,0
DA:1310,0
LF:489
LH:0
BRDA:32,0,0,0
BRDA:57,1,0,0
BRDA:59,2,0,0
BRDA:59,2,1,0
BRDA:64,3,0,0
BRDA:64,3,1,0
BRDA:84,4,0,0
BRDA:84,4,1,0
BRDA:84,5,0,0
BRDA:84,5,1,0
BRDA:111,6,0,0
BRDA:111,6,1,0
BRDA:122,7,0,0
BRDA:122,7,1,0
BRDA:123,8,0,0
BRDA:123,8,1,0
BRDA:138,9,0,0
BRDA:138,9,1,0
BRDA:138,10,0,0
BRDA:138,10,1,0
BRDA:159,11,0,0
BRDA:159,11,1,0
BRDA:164,12,0,0
BRDA:164,12,1,0
BRDA:164,13,0,0
BRDA:164,13,1,0
BRDA:168,14,0,0
BRDA:168,14,1,0
BRDA:183,15,0,0
BRDA:183,15,1,0
BRDA:187,16,0,0
BRDA:187,16,1,0
BRDA:189,17,0,0
BRDA:189,17,1,0
BRDA:193,18,0,0
BRDA:193,18,1,0
BRDA:193,19,0,0
BRDA:193,19,1,0
BRDA:197,20,0,0
BRDA:197,20,1,0
BRDA:197,21,0,0
BRDA:197,21,1,0
BRDA:201,22,0,0
BRDA:201,22,1,0
BRDA:209,23,0,0
BRDA:209,23,1,0
BRDA:209,24,0,0
BRDA:209,24,1,0
BRDA:210,25,0,0
BRDA:210,25,1,0
BRDA:218,26,0,0
BRDA:218,26,1,0
BRDA:227,27,0,0
BRDA:227,27,1,0
BRDA:230,28,0,0
BRDA:230,28,1,0
BRDA:230,28,2,0
BRDA:235,29,0,0
BRDA:235,29,1,0
BRDA:250,30,0,0
BRDA:250,30,1,0
BRDA:253,31,0,0
BRDA:253,31,1,0
BRDA:256,32,0,0
BRDA:256,32,1,0
BRDA:259,33,0,0
BRDA:259,33,1,0
BRDA:259,34,0,0
BRDA:259,34,1,0
BRDA:268,35,0,0
BRDA:268,35,1,0
BRDA:397,36,0,0
BRDA:397,36,1,0
BRDA:398,37,0,0
BRDA:398,37,1,0
BRDA:407,38,0,0
BRDA:407,38,1,0
BRDA:411,39,0,0
BRDA:411,39,1,0
BRDA:413,40,0,0
BRDA:413,40,1,0
BRDA:414,41,0,0
BRDA:414,41,1,0
BRDA:415,42,0,0
BRDA:415,42,1,0
BRDA:416,43,0,0
BRDA:416,43,1,0
BRDA:427,44,0,0
BRDA:427,44,1,0
BRDA:447,45,0,0
BRDA:447,45,1,0
BRDA:476,46,0,0
BRDA:476,46,1,0
BRDA:478,47,0,0
BRDA:478,47,1,0
BRDA:483,48,0,0
BRDA:483,48,1,0
BRDA:490,49,0,0
BRDA:490,49,1,0
BRDA:519,50,0,0
BRDA:519,50,1,0
BRDA:522,51,0,0
BRDA:522,51,1,0
BRDA:526,52,0,0
BRDA:526,52,1,0
BRDA:530,53,0,0
BRDA:530,53,1,0
BRDA:534,54,0,0
BRDA:534,54,1,0
BRDA:555,55,0,0
BRDA:555,55,1,0
BRDA:569,56,0,0
BRDA:569,56,1,0
BRDA:573,57,0,0
BRDA:573,57,1,0
BRDA:587,58,0,0
BRDA:587,58,1,0
BRDA:589,59,0,0
BRDA:589,59,1,0
BRDA:590,60,0,0
BRDA:590,60,1,0
BRDA:593,61,0,0
BRDA:593,61,1,0
BRDA:603,62,0,0
BRDA:603,62,1,0
BRDA:608,63,0,0
BRDA:608,63,1,0
BRDA:610,64,0,0
BRDA:610,64,1,0
BRDA:612,65,0,0
BRDA:612,65,1,0
BRDA:621,66,0,0
BRDA:621,66,1,0
BRDA:622,67,0,0
BRDA:622,67,1,0
BRDA:624,68,0,0
BRDA:624,68,1,0
BRDA:624,68,2,0
BRDA:631,69,0,0
BRDA:631,69,1,0
BRDA:634,70,0,0
BRDA:634,70,1,0
BRDA:634,70,2,0
BRDA:639,71,0,0
BRDA:639,71,1,0
BRDA:640,72,0,0
BRDA:640,72,1,0
BRDA:645,73,0,0
BRDA:645,73,1,0
BRDA:647,74,0,0
BRDA:647,74,1,0
BRDA:647,74,2,0
BRDA:647,74,3,0
BRDA:658,75,0,0
BRDA:658,75,1,0
BRDA:659,76,0,0
BRDA:659,76,1,0
BRDA:660,77,0,0
BRDA:660,77,1,0
BRDA:661,78,0,0
BRDA:661,78,1,0
BRDA:662,79,0,0
BRDA:662,79,1,0
BRDA:669,80,0,0
BRDA:669,80,1,0
BRDA:683,81,0,0
BRDA:683,81,1,0
BRDA:687,82,0,0
BRDA:687,82,1,0
BRDA:689,83,0,0
BRDA:689,83,1,0
BRDA:690,84,0,0
BRDA:690,84,1,0
BRDA:698,85,0,0
BRDA:698,85,1,0
BRDA:699,86,0,0
BRDA:699,86,1,0
BRDA:701,87,0,0
BRDA:701,87,1,0
BRDA:715,88,0,0
BRDA:715,88,1,0
BRDA:719,89,0,0
BRDA:719,89,1,0
BRDA:722,90,0,0
BRDA:722,90,1,0
BRDA:723,91,0,0
BRDA:723,91,1,0
BRDA:731,92,0,0
BRDA:732,93,0,0
BRDA:732,93,1,0
BRDA:732,94,0,0
BRDA:732,94,1,0
BRDA:737,95,0,0
BRDA:737,95,1,0
BRDA:752,96,0,0
BRDA:752,96,1,0
BRDA:763,97,0,0
BRDA:763,97,1,0
BRDA:767,98,0,0
BRDA:767,98,1,0
BRDA:775,99,0,0
BRDA:775,99,1,0
BRDA:780,100,0,0
BRDA:780,100,1,0
BRDA:791,101,0,0
BRDA:791,101,1,0
BRDA:795,102,0,0
BRDA:795,102,1,0
BRDA:806,103,0,0
BRDA:806,103,1,0
BRDA:810,104,0,0
BRDA:810,104,1,0
BRDA:814,105,0,0
BRDA:814,105,1,0
BRDA:903,106,0,0
BRDA:903,106,1,0
BRDA:911,107,0,0
BRDA:911,107,1,0
BRDA:918,108,0,0
BRDA:918,108,1,0
BRDA:936,109,0,0
BRDA:936,109,1,0
BRDA:942,110,0,0
BRDA:942,110,1,0
BRDA:963,111,0,0
BRDA:963,111,1,0
BRDA:976,112,0,0
BRDA:976,112,1,0
BRDA:1022,113,0,0
BRDA:1022,113,1,0
BRDA:1035,114,0,0
BRDA:1035,114,1,0
BRDA:1038,115,0,0
BRDA:1038,115,1,0
BRDA:1041,116,0,0
BRDA:1041,116,1,0
BRDA:1044,117,0,0
BRDA:1044,117,1,0
BRDA:1054,118,0,0
BRDA:1054,118,1,0
BRDA:1067,119,0,0
BRDA:1067,119,1,0
BRDA:1080,120,0,0
BRDA:1080,120,1,0
BRDA:1093,121,0,0
BRDA:1093,121,1,0
BRDA:1115,122,0,0
BRDA:1115,122,1,0
BRDA:1129,123,0,0
BRDA:1129,123,1,0
BRDA:1159,124,0,0
BRDA:1159,124,1,0
BRDA:1179,125,0,0
BRDA:1179,125,1,0
BRDA:1189,126,0,0
BRDA:1189,126,1,0
BRDA:1196,127,0,0
BRDA:1196,127,1,0
BRDA:1206,128,0,0
BRDA:1206,128,1,0
BRDA:1214,129,0,0
BRDA:1214,129,1,0
BRDA:1222,130,0,0
BRDA:1222,130,1,0
BRDA:1230,131,0,0
BRDA:1230,131,1,0
BRDA:1238,132,0,0
BRDA:1238,132,1,0
BRDA:1246,133,0,0
BRDA:1246,133,1,0
BRDA:1249,134,0,0
BRDA:1249,134,1,0
BRDA:1253,135,0,0
BRDA:1253,135,1,0
BRDA:1262,136,0,0
BRDA:1262,136,1,0
BRDA:1265,137,0,0
BRDA:1265,137,1,0
BRDA:1273,138,0,0
BRDA:1273,138,1,0
BRDA:1282,139,0,0
BRDA:1282,139,1,0
BRDA:1290,140,0,0
BRDA:1290,140,1,0
BRDA:1293,141,0,0
BRDA:1293,141,1,0
BRDA:1301,142,0,0
BRDA:1301,142,1,0
BRF:288
BRH:0
end_of_record
TN:
SF:src\lib\dependencyGraphAnalyzer.ts
FN:30,(anonymous_0)
FN:46,(anonymous_1)
FN:91,(anonymous_2)
FN:108,(anonymous_3)
FN:132,(anonymous_4)
FN:177,(anonymous_5)
FN:191,(anonymous_6)
FN:224,(anonymous_7)
FN:264,(anonymous_8)
FN:308,(anonymous_9)
FN:326,(anonymous_10)
FN:330,(anonymous_11)
FN:338,(anonymous_12)
FN:349,(anonymous_13)
FN:355,(anonymous_14)
FN:363,(anonymous_15)
FN:375,(anonymous_16)
FN:377,(anonymous_17)
FN:384,(anonymous_18)
FN:398,(anonymous_19)
FN:416,(anonymous_20)
FN:424,(anonymous_21)
FN:425,(anonymous_22)
FN:426,(anonymous_23)
FN:434,(anonymous_24)
FN:441,(anonymous_25)
FN:458,(anonymous_26)
FN:468,(anonymous_27)
FN:469,(anonymous_28)
FN:471,(anonymous_29)
FN:486,(anonymous_30)
FN:487,(anonymous_31)
FN:488,(anonymous_32)
FN:502,(anonymous_33)
FN:520,(anonymous_34)
FNF:35
FNH:0
FNDA:0,(anonymous_0)
FNDA:0,(anonymous_1)
FNDA:0,(anonymous_2)
FNDA:0,(anonymous_3)
FNDA:0,(anonymous_4)
FNDA:0,(anonymous_5)
FNDA:0,(anonymous_6)
FNDA:0,(anonymous_7)
FNDA:0,(anonymous_8)
FNDA:0,(anonymous_9)
FNDA:0,(anonymous_10)
FNDA:0,(anonymous_11)
FNDA:0,(anonymous_12)
FNDA:0,(anonymous_13)
FNDA:0,(anonymous_14)
FNDA:0,(anonymous_15)
FNDA:0,(anonymous_16)
FNDA:0,(anonymous_17)
FNDA:0,(anonymous_18)
FNDA:0,(anonymous_19)
FNDA:0,(anonymous_20)
FNDA:0,(anonymous_21)
FNDA:0,(anonymous_22)
FNDA:0,(anonymous_23)
FNDA:0,(anonymous_24)
FNDA:0,(anonymous_25)
FNDA:0,(anonymous_26)
FNDA:0,(anonymous_27)
FNDA:0,(anonymous_28)
FNDA:0,(anonymous_29)
FNDA:0,(anonymous_30)
FNDA:0,(anonymous_31)
FNDA:0,(anonymous_32)
FNDA:0,(anonymous_33)
FNDA:0,(anonymous_34)
DA:27,0
DA:28,0
DA:31,0
DA:32,0
DA:51,0
DA:53,0
DA:54,0
DA:57,0
DA:59,0
DA:60,0
DA:64,0
DA:67,0
DA:70,0
DA:74,0
DA:78,0
DA:80,0
DA:91,0
DA:96,0
DA:97,0
DA:100,0
DA:101,0
DA:109,0
DA:110,0
DA:117,0
DA:118,0
DA:119,0
DA:122,0
DA:124,0
DA:125,0
DA:133,0
DA:136,0
DA:137,0
DA:138,0
DA:148,0
DA:149,0
DA:150,0
DA:160,0
DA:161,0
DA:162,0
DA:171,0
DA:178,0
DA:179,0
DA:182,0
DA:191,0
DA:192,0
DA:193,0
DA:195,0
DA:209,0
DA:218,0
DA:225,0
DA:228,0
DA:243,0
DA:244,0
DA:245,0
DA:246,0
DA:258,0
DA:265,0
DA:268,0
DA:286,0
DA:287,0
DA:293,0
DA:302,0
DA:309,0
DA:311,0
DA:313,0
DA:315,0
DA:317,0
DA:319,0
DA:327,0
DA:330,0
DA:331,0
DA:332,0
DA:335,0
DA:338,0
DA:339,0
DA:340,0
DA:343,0
DA:350,0
DA:351,0
DA:352,0
DA:355,0
DA:356,0
DA:357,0
DA:360,0
DA:363,0
DA:364,0
DA:365,0
DA:368,0
DA:369,0
DA:376,0
DA:377,0
DA:384,0
DA:392,0
DA:399,0
DA:410,0
DA:424,0
DA:425,0
DA:426,0
DA:428,0
DA:434,0
DA:442,0
DA:443,0
DA:445,0
DA:446,0
DA:447,0
DA:449,0
DA:450,0
DA:451,0
DA:452,0
DA:453,0
DA:454,0
DA:456,0
DA:457,0
DA:458,0
DA:459,0
DA:460,0
DA:461,0
DA:465,0
DA:466,0
DA:467,0
DA:468,0
DA:470,0
DA:471,0
DA:472,0
DA:474,0
DA:478,0
DA:479,0
DA:480,0
DA:481,0
DA:483,0
DA:484,0
DA:487,0
DA:488,0
DA:490,0
DA:491,0
DA:492,0
DA:493,0
DA:496,0
DA:503,0
DA:506,0
DA:509,0
DA:512,0
DA:514,0
DA:521,0
LF:144
LH:0
BRDA:30,0,0,0
BRDA:31,1,0,0
BRDA:31,1,1,0
BRDA:49,2,0,0
BRDA:59,3,0,0
BRDA:59,3,1,0
BRDA:70,4,0,0
BRDA:70,4,1,0
BRDA:74,5,0,0
BRDA:74,5,1,0
BRDA:91,6,0,0
BRDA:91,6,1,0
BRDA:117,7,0,0
BRDA:117,7,1,0
BRDA:136,8,0,0
BRDA:136,8,1,0
BRDA:148,9,0,0
BRDA:148,9,1,0
BRDA:148,10,0,0
BRDA:148,10,1,0
BRDA:160,11,0,0
BRDA:160,11,1,0
BRDA:199,12,0,0
BRDA:199,12,1,0
BRDA:200,13,0,0
BRDA:200,13,1,0
BRDA:213,14,0,0
BRDA:213,14,1,0
BRDA:244,15,0,0
BRDA:244,15,1,0
BRDA:287,16,0,0
BRDA:287,16,1,0
BRDA:309,17,0,0
BRDA:309,17,1,0
BRDA:309,17,2,0
BRDA:309,17,3,0
BRDA:309,17,4,0
BRDA:331,18,0,0
BRDA:331,18,1,0
BRDA:339,19,0,0
BRDA:339,19,1,0
BRDA:356,20,0,0
BRDA:356,20,1,0
BRDA:364,21,0,0
BRDA:364,21,1,0
BRDA:380,22,0,0
BRDA:380,22,1,0
BRDA:380,23,0,0
BRDA:380,23,1,0
BRDA:381,24,0,0
BRDA:381,24,1,0
BRDA:382,25,0,0
BRDA:382,25,1,0
BRDA:387,26,0,0
BRDA:387,26,1,0
BRDA:410,27,0,0
BRDA:410,27,1,0
BRDA:434,28,0,0
BRDA:434,28,1,0
BRDA:456,29,0,0
BRDA:456,29,1,0
BRDA:465,30,0,0
BRDA:465,30,1,0
BRDA:468,31,0,0
BRDA:468,31,1,0
BRDA:491,32,0,0
BRDA:491,32,1,0
BRDA:492,33,0,0
BRDA:492,33,1,0
BRDA:492,34,0,0
BRDA:492,34,1,0
BRDA:492,34,2,0
BRDA:512,35,0,0
BRDA:512,35,1,0
BRF:74
BRH:0
end_of_record
TN:
SF:src\lib\deploymentManager.ts
FN:46,(anonymous_0)
FN:82,(anonymous_1)
FN:125,(anonymous_2)
FN:167,(anonymous_3)
FN:209,(anonymous_4)
FN:247,(anonymous_5)
FN:280,(anonymous_6)
FN:287,(anonymous_7)
FN:294,(anonymous_8)
FN:301,(anonymous_9)
FN:325,(anonymous_10)
FN:362,(anonymous_11)
FN:388,(anonymous_12)
FN:404,(anonymous_13)
FN:434,(anonymous_14)
FN:458,(anonymous_15)
FN:475,(anonymous_16)
FN:585,(anonymous_17)
FN:740,(anonymous_18)
FN:837,(anonymous_19)
FN:881,(anonymous_20)
FN:929,(anonymous_21)
FN:930,(anonymous_22)
FN:934,(anonymous_23)
FN:946,(anonymous_24)
FN:947,(anonymous_25)
FN:951,(anonymous_26)
FN:963,(anonymous_27)
FN:964,(anonymous_28)
FN:969,(anonymous_29)
FN:981,(anonymous_30)
FN:982,(anonymous_31)
FN:986,(anonymous_32)
FN:998,(anonymous_33)
FN:999,(anonymous_34)
FN:1003,(anonymous_35)
FN:1015,(anonymous_36)
FN:1018,(anonymous_37)
FN:1021,(anonymous_38)
FN:1024,(anonymous_39)
FN:1027,(anonymous_40)
FN:1030,(anonymous_41)
FN:1033,(anonymous_42)
FN:1034,(anonymous_43)
FN:1038,(anonymous_44)
FN:1050,(anonymous_45)
FN:1051,(anonymous_46)
FN:1055,(anonymous_47)
FN:1067,(anonymous_48)
FN:1070,(anonymous_49)
FN:1073,(anonymous_50)
FN:1076,(anonymous_51)
FN:1079,(anonymous_52)
FN:1082,(anonymous_53)
FN:1085,(anonymous_54)
FN:1088,(anonymous_55)
FN:1091,(anonymous_56)
FN:1094,(anonymous_57)
FN:1097,(anonymous_58)
FN:1098,(anonymous_59)
FN:1103,(anonymous_60)
FN:1114,(anonymous_61)
FN:1115,(anonymous_62)
FN:1120,(anonymous_63)
FN:1131,(anonymous_64)
FN:1134,(anonymous_65)
FN:1137,(anonymous_66)
FN:1140,(anonymous_67)
FN:1143,(anonymous_68)
FN:1146,(anonymous_69)
FN:1149,(anonymous_70)
FN:1152,(anonymous_71)
FN:1155,(anonymous_72)
FN:1158,(anonymous_73)
FN:1161,(anonymous_74)
FN:1163,(anonymous_75)
FN:1180,(anonymous_76)
FN:1189,(anonymous_77)
FN:1205,(anonymous_78)
FNF:79
FNH:0
FNDA:0,(anonymous_0)
FNDA:0,(anonymous_1)
FNDA:0,(anonymous_2)
FNDA:0,(anonymous_3)
FNDA:0,(anonymous_4)
FNDA:0,(anonymous_5)
FNDA:0,(anonymous_6)
FNDA:0,(anonymous_7)
FNDA:0,(anonymous_8)
FNDA:0,(anonymous_9)
FNDA:0,(anonymous_10)
FNDA:0,(anonymous_11)
FNDA:0,(anonymous_12)
FNDA:0,(anonymous_13)
FNDA:0,(anonymous_14)
FNDA:0,(anonymous_15)
FNDA:0,(anonymous_16)
FNDA:0,(anonymous_17)
FNDA:0,(anonymous_18)
FNDA:0,(anonymous_19)
FNDA:0,(anonymous_20)
FNDA:0,(anonymous_21)
FNDA:0,(anonymous_22)
FNDA:0,(anonymous_23)
FNDA:0,(anonymous_24)
FNDA:0,(anonymous_25)
FNDA:0,(anonymous_26)
FNDA:0,(anonymous_27)
FNDA:0,(anonymous_28)
FNDA:0,(anonymous_29)
FNDA:0,(anonymous_30)
FNDA:0,(anonymous_31)
FNDA:0,(anonymous_32)
FNDA:0,(anonymous_33)
FNDA:0,(anonymous_34)
FNDA:0,(anonymous_35)
FNDA:0,(anonymous_36)
FNDA:0,(anonymous_37)
FNDA:0,(anonymous_38)
FNDA:0,(anonymous_39)
FNDA:0,(anonymous_40)
FNDA:0,(anonymous_41)
FNDA:0,(anonymous_42)
FNDA:0,(anonymous_43)
FNDA:0,(anonymous_44)
FNDA:0,(anonymous_45)
FNDA:0,(anonymous_46)
FNDA:0,(anonymous_47)
FNDA:0,(anonymous_48)
FNDA:0,(anonymous_49)
FNDA:0,(anonymous_50)
FNDA:0,(anonymous_51)
FNDA:0,(anonymous_52)
FNDA:0,(anonymous_53)
FNDA:0,(anonymous_54)
FNDA:0,(anonymous_55)
FNDA:0,(anonymous_56)
FNDA:0,(anonymous_57)
FNDA:0,(anonymous_58)
FNDA:0,(anonymous_59)
FNDA:0,(anonymous_60)
FNDA:0,(anonymous_61)
FNDA:0,(anonymous_62)
FNDA:0,(anonymous_63)
FNDA:0,(anonymous_64)
FNDA:0,(anonymous_65)
FNDA:0,(anonymous_66)
FNDA:0,(anonymous_67)
FNDA:0,(anonymous_68)
FNDA:0,(anonymous_69)
FNDA:0,(anonymous_70)
FNDA:0,(anonymous_71)
FNDA:0,(anonymous_72)
FNDA:0,(anonymous_73)
FNDA:0,(anonymous_74)
FNDA:0,(anonymous_75)
FNDA:0,(anonymous_76)
FNDA:0,(anonymous_77)
FNDA:0,(anonymous_78)
DA:41,0
DA:42,0
DA:43,0
DA:44,0
DA:47,0
DA:66,0
DA:76,0
DA:83,0
DA:85,0
DA:87,0
DA:90,0
DA:91,0
DA:95,0
DA:96,0
DA:100,0
DA:103,0
DA:104,0
DA:108,0
DA:109,0
DA:112,0
DA:113,0
DA:116,0
DA:117,0
DA:118,0
DA:131,0
DA:133,0
DA:134,0
DA:137,0
DA:138,0
DA:142,0
DA:143,0
DA:147,0
DA:148,0
DA:151,0
DA:152,0
DA:154,0
DA:155,0
DA:158,0
DA:159,0
DA:160,0
DA:173,0
DA:175,0
DA:176,0
DA:179,0
DA:180,0
DA:181,0
DA:182,0
DA:186,0
DA:187,0
DA:191,0
DA:193,0
DA:194,0
DA:196,0
DA:197,0
DA:200,0
DA:201,0
DA:202,0
DA:214,0
DA:216,0
DA:217,0
DA:219,0
DA:220,0
DA:222,0
DA:223,0
DA:225,0
DA:226,0
DA:228,0
DA:231,0
DA:232,0
DA:234,0
DA:235,0
DA:238,0
DA:239,0
DA:240,0
DA:248,0
DA:250,0
DA:251,0
DA:252,0
DA:254,0
DA:258,0
DA:267,0
DA:269,0
DA:272,0
DA:273,0
DA:281,0
DA:288,0
DA:295,0
DA:302,0
DA:310,0
DA:316,0
DA:319,0
DA:330,0
DA:332,0
DA:333,0
DA:334,0
DA:336,0
DA:338,0
DA:339,0
DA:342,0
DA:343,0
DA:346,0
DA:347,0
DA:350,0
DA:351,0
DA:354,0
DA:355,0
DA:363,0
DA:365,0
DA:366,0
DA:369,0
DA:372,0
DA:375,0
DA:377,0
DA:380,0
DA:381,0
DA:389,0
DA:390,0
DA:391,0
DA:393,0
DA:396,0
DA:397,0
DA:409,0
DA:411,0
DA:412,0
DA:413,0
DA:415,0
DA:418,0
DA:419,0
DA:421,0
DA:422,0
DA:425,0
DA:426,0
DA:427,0
DA:435,0
DA:437,0
DA:439,0
DA:442,0
DA:445,0
DA:447,0
DA:449,0
DA:452,0
DA:453,0
DA:459,0
DA:469,0
DA:470,0
DA:471,0
DA:476,0
DA:521,0
DA:578,0
DA:579,0
DA:580,0
DA:582,0
DA:586,0
DA:644,0
DA:660,0
DA:687,0
DA:700,0
DA:730,0
DA:731,0
DA:732,0
DA:733,0
DA:734,0
DA:735,0
DA:737,0
DA:741,0
DA:775,0
DA:804,0
DA:829,0
DA:830,0
DA:831,0
DA:832,0
DA:834,0
DA:838,0
DA:863,0
DA:874,0
DA:875,0
DA:876,0
DA:878,0
DA:882,0
DA:923,0
DA:924,0
DA:926,0
DA:930,0
DA:931,0
DA:932,0
DA:934,0
DA:935,0
DA:936,0
DA:937,0
DA:939,0
DA:940,0
DA:947,0
DA:948,0
DA:949,0
DA:951,0
DA:952,0
DA:953,0
DA:954,0
DA:956,0
DA:957,0
DA:964,0
DA:965,0
DA:966,0
DA:967,0
DA:969,0
DA:970,0
DA:971,0
DA:972,0
DA:974,0
DA:975,0
DA:982,0
DA:983,0
DA:984,0
DA:986,0
DA:987,0
DA:988,0
DA:989,0
DA:991,0
DA:992,0
DA:999,0
DA:1000,0
DA:1001,0
DA:1003,0
DA:1004,0
DA:1005,0
DA:1006,0
DA:1008,0
DA:1009,0
DA:1016,0
DA:1018,0
DA:1022,0
DA:1024,0
DA:1028,0
DA:1030,0
DA:1034,0
DA:1035,0
DA:1036,0
DA:1038,0
DA:1039,0
DA:1040,0
DA:1041,0
DA:1043,0
DA:1044,0
DA:1051,0
DA:1052,0
DA:1053,0
DA:1055,0
DA:1056,0
DA:1057,0
DA:1058,0
DA:1060,0
DA:1061,0
DA:1068,0
DA:1070,0
DA:1074,0
DA:1076,0
DA:1080,0
DA:1082,0
DA:1086,0
DA:1088,0
DA:1092,0
DA:1094,0
DA:1098,0
DA:1099,0
DA:1100,0
DA:1101,0
DA:1103,0
DA:1104,0
DA:1105,0
DA:1106,0
DA:1108,0
DA:1115,0
DA:1116,0
DA:1117,0
DA:1118,0
DA:1120,0
DA:1121,0
DA:1122,0
DA:1123,0
DA:1125,0
DA:1132,0
DA:1134,0
DA:1138,0
DA:1140,0
DA:1144,0
DA:1146,0
DA:1150,0
DA:1152,0
DA:1156,0
DA:1158,0
DA:1162,0
DA:1163,0
DA:1164,0
DA:1166,0
DA:1167,0
DA:1168,0
DA:1169,0
DA:1170,0
DA:1171,0
DA:1173,0
DA:1188,0
DA:1189,0
DA:1190,0
DA:1192,0
DA:1206,0
DA:1207,0
DA:1209,0
LF:307
LH:0
BRDA:46,0,0,0
BRDA:90,1,0,0
BRDA:90,1,1,0
BRDA:95,2,0,0
BRDA:95,2,1,0
BRDA:103,3,0,0
BRDA:103,3,1,0
BRDA:108,4,0,0
BRDA:108,4,1,0
BRDA:125,5,0,0
BRDA:134,6,0,0
BRDA:134,6,1,0
BRDA:137,7,0,0
BRDA:137,7,1,0
BRDA:142,8,0,0
BRDA:142,8,1,0
BRDA:147,9,0,0
BRDA:147,9,1,0
BRDA:167,10,0,0
BRDA:176,11,0,0
BRDA:176,11,1,0
BRDA:179,12,0,0
BRDA:179,12,1,0
BRDA:186,13,0,0
BRDA:186,13,1,0
BRDA:209,14,0,0
BRDA:217,15,0,0
BRDA:217,15,1,0
BRDA:217,15,2,0
BRDA:217,15,3,0
BRDA:251,16,0,0
BRDA:251,16,1,0
BRDA:288,17,0,0
BRDA:288,17,1,0
BRDA:302,18,0,0
BRDA:302,18,1,0
BRDA:325,19,0,0
BRDA:338,20,0,0
BRDA:338,20,1,0
BRDA:338,21,0,0
BRDA:338,21,1,0
BRDA:342,22,0,0
BRDA:342,22,1,0
BRDA:342,23,0,0
BRDA:342,23,1,0
BRDA:346,24,0,0
BRDA:346,24,1,0
BRDA:388,25,0,0
BRDA:390,26,0,0
BRDA:390,26,1,0
BRDA:404,27,0,0
BRDA:412,28,0,0
BRDA:412,28,1,0
BRDA:511,29,0,0
BRDA:511,29,1,0
BRDA:530,30,0,0
BRDA:530,30,1,0
BRDA:533,31,0,0
BRDA:533,31,1,0
BRDA:538,32,0,0
BRDA:538,32,1,0
BRDA:544,33,0,0
BRDA:544,33,1,0
BRDA:558,34,0,0
BRDA:558,34,1,0
BRDA:610,35,0,0
BRDA:610,35,1,0
BRDA:615,36,0,0
BRDA:615,36,1,0
BRDA:618,37,0,0
BRDA:618,37,1,0
BRDA:619,38,0,0
BRDA:619,38,1,0
BRDA:621,39,0,0
BRDA:621,39,1,0
BRDA:622,40,0,0
BRDA:622,40,1,0
BRDA:626,41,0,0
BRDA:626,41,1,0
BRDA:632,42,0,0
BRDA:632,42,1,0
BRDA:656,43,0,0
BRDA:656,43,1,0
BRDA:695,44,0,0
BRDA:695,44,1,0
BRDA:725,45,0,0
BRDA:725,45,1,0
BRDA:935,46,0,0
BRDA:935,46,1,0
BRDA:952,47,0,0
BRDA:952,47,1,0
BRDA:965,48,0,0
BRDA:965,48,1,0
BRDA:970,49,0,0
BRDA:970,49,1,0
BRDA:987,50,0,0
BRDA:987,50,1,0
BRDA:1004,51,0,0
BRDA:1004,51,1,0
BRDA:1039,52,0,0
BRDA:1039,52,1,0
BRDA:1056,53,0,0
BRDA:1056,53,1,0
BRDA:1097,54,0,0
BRDA:1099,55,0,0
BRDA:1099,55,1,0
BRDA:1104,56,0,0
BRDA:1104,56,1,0
BRDA:1114,57,0,0
BRDA:1116,58,0,0
BRDA:1116,58,1,0
BRDA:1121,59,0,0
BRDA:1121,59,1,0
BRDA:1138,60,0,0
BRDA:1138,60,1,0
BRDA:1166,61,0,0
BRDA:1166,61,1,0
BRDA:1168,62,0,0
BRDA:1168,62,1,0
BRDA:1170,63,0,0
BRDA:1170,63,1,0
BRF:121
BRH:0
end_of_record
TN:
SF:src\lib\enhancedGitHub.js
FN:4,(anonymous_0)
FN:9,(anonymous_1)
FN:26,(anonymous_2)
FN:57,(anonymous_3)
FN:65,(anonymous_4)
FN:99,(anonymous_5)
FN:109,(anonymous_6)
FN:118,(anonymous_7)
FN:120,(anonymous_8)
FN:131,(anonymous_9)
FN:133,(anonymous_10)
FN:140,(anonymous_11)
FN:142,(anonymous_12)
FN:152,(anonymous_13)
FN:181,(anonymous_14)
FN:182,(anonymous_15)
FN:187,(anonymous_16)
FN:188,(anonymous_17)
FN:189,(anonymous_18)
FN:214,(anonymous_19)
FN:279,(anonymous_20)
FN:292,(anonymous_21)
FN:295,(anonymous_22)
FN:300,(anonymous_23)
FN:311,(anonymous_24)
FN:312,(anonymous_25)
FN:314,(anonymous_26)
FN:324,(anonymous_27)
FN:327,(anonymous_28)
FN:351,(anonymous_29)
FN:361,(anonymous_30)
FN:363,(anonymous_31)
FN:364,(anonymous_32)
FN:374,(anonymous_33)
FN:377,(anonymous_34)
FN:378,(anonymous_35)
FN:383,(anonymous_36)
FN:392,(anonymous_37)
FN:404,(anonymous_38)
FN:407,(anonymous_39)
FN:414,(anonymous_40)
FN:421,(anonymous_41)
FN:424,(anonymous_42)
FN:431,(anonymous_43)
FN:432,(anonymous_44)
FN:439,(anonymous_45)
FN:443,(anonymous_46)
FN:444,(anonymous_47)
FN:445,(anonymous_48)
FN:450,(anonymous_49)
FN:452,(anonymous_50)
FN:453,(anonymous_51)
FN:454,(anonymous_52)
FN:455,(anonymous_53)
FN:461,(anonymous_54)
FN:462,(anonymous_55)
FN:468,(anonymous_56)
FN:477,(anonymous_57)
FN:514,(anonymous_58)
FN:540,(anonymous_59)
FN:557,(anonymous_60)
FN:561,(anonymous_61)
FN:565,(anonymous_62)
FN:570,(anonymous_63)
FN:577,(anonymous_64)
FN:582,(anonymous_65)
FNF:66
FNH:0
FNDA:0,(anonymous_0)
FNDA:0,(anonymous_1)
FNDA:0,(anonymous_2)
FNDA:0,(anonymous_3)
FNDA:0,(anonymous_4)
FNDA:0,(anonymous_5)
FNDA:0,(anonymous_6)
FNDA:0,(anonymous_7)
FNDA:0,(anonymous_8)
FNDA:0,(anonymous_9)
FNDA:0,(anonymous_10)
FNDA:0,(anonymous_11)
FNDA:0,(anonymous_12)
FNDA:0,(anonymous_13)
FNDA:0,(anonymous_14)
FNDA:0,(anonymous_15)
FNDA:0,(anonymous_16)
FNDA:0,(anonymous_17)
FNDA:0,(anonymous_18)
FNDA:0,(anonymous_19)
FNDA:0,(anonymous_20)
FNDA:0,(anonymous_21)
FNDA:0,(anonymous_22)
FNDA:0,(anonymous_23)
FNDA:0,(anonymous_24)
FNDA:0,(anonymous_25)
FNDA:0,(anonymous_26)
FNDA:0,(anonymous_27)
FNDA:0,(anonymous_28)
FNDA:0,(anonymous_29)
FNDA:0,(anonymous_30)
FNDA:0,(anonymous_31)
FNDA:0,(anonymous_32)
FNDA:0,(anonymous_33)
FNDA:0,(anonymous_34)
FNDA:0,(anonymous_35)
FNDA:0,(anonymous_36)
FNDA:0,(anonymous_37)
FNDA:0,(anonymous_38)
FNDA:0,(anonymous_39)
FNDA:0,(anonymous_40)
FNDA:0,(anonymous_41)
FNDA:0,(anonymous_42)
FNDA:0,(anonymous_43)
FNDA:0,(anonymous_44)
FNDA:0,(anonymous_45)
FNDA:0,(anonymous_46)
FNDA:0,(anonymous_47)
FNDA:0,(anonymous_48)
FNDA:0,(anonymous_49)
FNDA:0,(anonymous_50)
FNDA:0,(anonymous_51)
FNDA:0,(anonymous_52)
FNDA:0,(anonymous_53)
FNDA:0,(anonymous_54)
FNDA:0,(anonymous_55)
FNDA:0,(anonymous_56)
FNDA:0,(anonymous_57)
FNDA:0,(anonymous_58)
FNDA:0,(anonymous_59)
FNDA:0,(anonymous_60)
FNDA:0,(anonymous_61)
FNDA:0,(anonymous_62)
FNDA:0,(anonymous_63)
FNDA:0,(anonymous_64)
FNDA:0,(anonymous_65)
DA:5,0
DA:10,0
DA:12,0
DA:13,0
DA:23,0
DA:26,0
DA:43,0
DA:51,0
DA:52,0
DA:58,0
DA:59,0
DA:64,0
DA:66,0
DA:67,0
DA:73,0
DA:85,0
DA:95,0
DA:99,0
DA:103,0
DA:104,0
DA:110,0
DA:112,0
DA:113,0
DA:118,0
DA:119,0
DA:120,0
DA:124,0
DA:131,0
DA:133,0
DA:139,0
DA:140,0
DA:142,0
DA:146,0
DA:147,0
DA:153,0
DA:154,0
DA:161,0
DA:181,0
DA:182,0
DA:187,0
DA:188,0
DA:189,0
DA:202,0
DA:208,0
DA:209,0
DA:215,0
DA:217,0
DA:218,0
DA:224,0
DA:235,0
DA:236,0
DA:237,0
DA:238,0
DA:241,0
DA:242,0
DA:244,0
DA:245,0
DA:248,0
DA:249,0
DA:250,0
DA:253,0
DA:254,0
DA:255,0
DA:258,0
DA:259,0
DA:260,0
DA:265,0
DA:271,0
DA:273,0
DA:274,0
DA:280,0
DA:282,0
DA:292,0
DA:293,0
DA:294,0
DA:295,0
DA:300,0
DA:301,0
DA:302,0
DA:303,0
DA:305,0
DA:306,0
DA:310,0
DA:311,0
DA:312,0
DA:314,0
DA:321,0
DA:325,0
DA:327,0
DA:328,0
DA:329,0
DA:330,0
DA:339,0
DA:340,0
DA:341,0
DA:345,0
DA:351,0
DA:362,0
DA:363,0
DA:364,0
DA:371,0
DA:375,0
DA:377,0
DA:378,0
DA:384,0
DA:392,0
DA:393,0
DA:394,0
DA:395,0
DA:396,0
DA:397,0
DA:398,0
DA:401,0
DA:405,0
DA:407,0
DA:408,0
DA:409,0
DA:411,0
DA:415,0
DA:417,0
DA:418,0
DA:422,0
DA:424,0
DA:432,0
DA:433,0
DA:439,0
DA:440,0
DA:441,0
DA:443,0
DA:444,0
DA:445,0
DA:447,0
DA:451,0
DA:452,0
DA:453,0
DA:454,0
DA:455,0
DA:458,0
DA:462,0
DA:463,0
DA:466,0
DA:468,0
DA:469,0
DA:470,0
DA:471,0
DA:474,0
DA:478,0
DA:486,0
DA:487,0
DA:490,0
DA:497,0
DA:499,0
DA:502,0
DA:505,0
DA:511,0
DA:515,0
DA:517,0
DA:518,0
DA:521,0
DA:522,0
DA:525,0
DA:526,0
DA:529,0
DA:530,0
DA:533,0
DA:534,0
DA:537,0
DA:541,0
DA:542,0
DA:544,0
DA:546,0
DA:548,0
DA:550,0
DA:551,0
DA:553,0
DA:558,0
DA:559,0
DA:561,0
DA:562,0
DA:566,0
DA:567,0
DA:571,0
DA:572,0
DA:574,0
DA:575,0
DA:577,0
DA:578,0
DA:581,0
DA:582,0
DA:584,0
LF:190
LH:0
BRDA:4,0,0,0
BRDA:9,1,0,0
BRDA:10,2,0,0
BRDA:17,3,0,0
BRDA:17,3,1,0
BRDA:18,4,0,0
BRDA:18,4,1,0
BRDA:19,5,0,0
BRDA:19,5,1,0
BRDA:20,6,0,0
BRDA:20,6,1,0
BRDA:40,7,0,0
BRDA:40,7,1,0
BRDA:109,8,0,0
BRDA:120,9,0,0
BRDA:120,9,1,0
BRDA:130,10,0,0
BRDA:130,10,1,0
BRDA:132,11,0,0
BRDA:132,11,1,0
BRDA:193,12,0,0
BRDA:193,12,1,0
BRDA:214,13,0,0
BRDA:215,14,0,0
BRDA:236,15,0,0
BRDA:236,15,1,0
BRDA:244,16,0,0
BRDA:244,16,1,0
BRDA:254,17,0,0
BRDA:254,17,1,0
BRDA:280,18,0,0
BRDA:280,18,1,0
BRDA:293,19,0,0
BRDA:293,19,1,0
BRDA:305,20,0,0
BRDA:305,20,1,0
BRDA:306,21,0,0
BRDA:306,21,1,0
BRDA:329,22,0,0
BRDA:329,22,1,0
BRDA:356,23,0,0
BRDA:356,23,1,0
BRDA:394,24,0,0
BRDA:394,24,1,0
BRDA:394,25,0,0
BRDA:394,25,1,0
BRDA:395,26,0,0
BRDA:395,26,1,0
BRDA:395,27,0,0
BRDA:395,27,1,0
BRDA:396,28,0,0
BRDA:396,28,1,0
BRDA:397,29,0,0
BRDA:397,29,1,0
BRDA:405,30,0,0
BRDA:405,30,1,0
BRDA:415,31,0,0
BRDA:415,31,1,0
BRDA:418,32,0,0
BRDA:418,32,1,0
BRDA:453,33,0,0
BRDA:453,33,1,0
BRDA:463,34,0,0
BRDA:463,34,1,0
BRDA:463,34,2,0
BRDA:466,35,0,0
BRDA:466,35,1,0
BRDA:497,36,0,0
BRDA:497,36,1,0
BRDA:499,37,0,0
BRDA:499,37,1,0
BRDA:517,38,0,0
BRDA:517,38,1,0
BRDA:521,39,0,0
BRDA:521,39,1,0
BRDA:525,40,0,0
BRDA:525,40,1,0
BRDA:529,41,0,0
BRDA:529,41,1,0
BRDA:529,42,0,0
BRDA:529,42,1,0
BRDA:533,43,0,0
BRDA:533,43,1,0
BRDA:544,44,0,0
BRDA:544,44,1,0
BRDA:544,44,2,0
BRDA:544,44,3,0
BRDA:559,45,0,0
BRDA:559,45,1,0
BRDA:567,46,0,0
BRDA:567,46,1,0
BRDA:572,47,0,0
BRDA:572,47,1,0
BRDA:581,48,0,0
BRDA:581,48,1,0
BRDA:584,49,0,0
BRDA:584,49,1,0
BRF:97
BRH:0
end_of_record
TN:
SF:src\lib\enterpriseApi.ts
FN:17,(anonymous_0)
FN:22,(anonymous_1)
FN:75,(anonymous_2)
FN:103,(anonymous_3)
FN:116,(anonymous_4)
FN:117,(anonymous_5)
FN:119,(anonymous_6)
FN:126,(anonymous_7)
FN:140,(anonymous_8)
FN:141,(anonymous_9)
FN:143,(anonymous_10)
FN:161,(anonymous_11)
FN:168,(anonymous_12)
FN:175,(anonymous_13)
FN:182,(anonymous_14)
FN:189,(anonymous_15)
FN:194,(anonymous_16)
FN:210,(anonymous_17)
FN:231,(anonymous_18)
FN:252,(anonymous_19)
FN:259,(anonymous_20)
FN:263,(anonymous_21)
FN:272,(anonymous_22)
FN:291,(anonymous_23)
FN:334,(anonymous_24)
FN:342,(anonymous_25)
FN:354,(anonymous_26)
FN:359,(anonymous_27)
FN:364,(anonymous_28)
FN:368,(anonymous_29)
FN:375,(anonymous_30)
FN:425,(anonymous_31)
FN:427,(anonymous_32)
FN:455,(anonymous_33)
FN:473,(anonymous_34)
FN:485,(anonymous_35)
FN:543,(anonymous_36)
FN:557,(anonymous_37)
FN:572,(anonymous_38)
FN:583,(anonymous_39)
FN:607,(anonymous_40)
FN:620,(anonymous_41)
FN:631,(anonymous_42)
FN:645,(anonymous_43)
FN:657,(anonymous_44)
FN:666,(anonymous_45)
FN:675,(anonymous_46)
FN:684,(anonymous_47)
FN:693,(anonymous_48)
FN:703,(anonymous_49)
FN:712,(anonymous_50)
FN:720,(anonymous_51)
FN:733,(anonymous_52)
FN:742,(anonymous_53)
FN:751,(anonymous_54)
FN:764,(anonymous_55)
FN:765,(anonymous_56)
FN:784,(anonymous_57)
FN:797,(anonymous_58)
FN:811,(anonymous_59)
FN:830,(anonymous_60)
FN:875,(anonymous_61)
FN:898,(anonymous_62)
FN:908,(anonymous_63)
FN:928,(anonymous_64)
FN:941,(anonymous_65)
FN:949,(anonymous_66)
FN:983,(anonymous_67)
FNF:68
FNH:3
FNDA:0,(anonymous_0)
FNDA:0,(anonymous_1)
FNDA:25,(anonymous_2)
FNDA:0,(anonymous_3)
FNDA:0,(anonymous_4)
FNDA:0,(anonymous_5)
FNDA:0,(anonymous_6)
FNDA:0,(anonymous_7)
FNDA:0,(anonymous_8)
FNDA:0,(anonymous_9)
FNDA:0,(anonymous_10)
FNDA:0,(anonymous_11)
FNDA:0,(anonymous_12)
FNDA:0,(anonymous_13)
FNDA:0,(anonymous_14)
FNDA:0,(anonymous_15)
FNDA:0,(anonymous_16)
FNDA:0,(anonymous_17)
FNDA:0,(anonymous_18)
FNDA:0,(anonymous_19)
FNDA:0,(anonymous_20)
FNDA:0,(anonymous_21)
FNDA:0,(anonymous_22)
FNDA:0,(anonymous_23)
FNDA:0,(anonymous_24)
FNDA:0,(anonymous_25)
FNDA:0,(anonymous_26)
FNDA:0,(anonymous_27)
FNDA:0,(anonymous_28)
FNDA:0,(anonymous_29)
FNDA:0,(anonymous_30)
FNDA:25,(anonymous_31)
FNDA:25,(anonymous_32)
FNDA:0,(anonymous_33)
FNDA:0,(anonymous_34)
FNDA:0,(anonymous_35)
FNDA:0,(anonymous_36)
FNDA:0,(anonymous_37)
FNDA:0,(anonymous_38)
FNDA:0,(anonymous_39)
FNDA:0,(anonymous_40)
FNDA:0,(anonymous_41)
FNDA:0,(anonymous_42)
FNDA:0,(anonymous_43)
FNDA:0,(anonymous_44)
FNDA:0,(anonymous_45)
FNDA:0,(anonymous_46)
FNDA:0,(anonymous_47)
FNDA:0,(anonymous_48)
FNDA:0,(anonymous_49)
FNDA:0,(anonymous_50)
FNDA:0,(anonymous_51)
FNDA:0,(anonymous_52)
FNDA:0,(anonymous_53)
FNDA:0,(anonymous_54)
FNDA:0,(anonymous_55)
FNDA:0,(anonymous_56)
FNDA:0,(anonymous_57)
FNDA:0,(anonymous_58)
FNDA:0,(anonymous_59)
FNDA:0,(anonymous_60)
FNDA:0,(anonymous_61)
FNDA:0,(anonymous_62)
FNDA:0,(anonymous_63)
FNDA:0,(anonymous_64)
FNDA:0,(anonymous_65)
FNDA:0,(anonymous_66)
FNDA:0,(anonymous_67)
DA:6,1
DA:7,1
DA:8,1
DA:9,1
DA:10,1
DA:11,1
DA:13,1
DA:14,1
DA:15,1
DA:17,1
DA:18,0
DA:19,0
DA:22,0
DA:23,0
DA:24,0
DA:25,0
DA:31,1
DA:33,1
DA:34,0
DA:36,1
DA:65,1
DA:66,25
DA:67,25
DA:68,25
DA:69,25
DA:70,25
DA:71,25
DA:72,25
DA:73,25
DA:76,25
DA:97,25
DA:104,0
DA:105,0
DA:106,0
DA:107,0
DA:108,0
DA:110,0
DA:117,0
DA:118,0
DA:119,0
DA:120,0
DA:121,0
DA:122,0
DA:123,0
DA:126,0
DA:127,0
DA:128,0
DA:131,0
DA:132,0
DA:141,0
DA:142,0
DA:143,0
DA:144,0
DA:145,0
DA:146,0
DA:148,0
DA:149,0
DA:153,0
DA:162,0
DA:169,0
DA:176,0
DA:183,0
DA:190,0
DA:196,0
DA:208,0
DA:209,0
DA:211,0
DA:212,0
DA:214,0
DA:224,0
DA:225,0
DA:232,0
DA:237,0
DA:244,0
DA:248,0
DA:249,0
DA:252,0
DA:253,0
DA:254,0
DA:255,0
DA:259,0
DA:260,0
DA:261,0
DA:263,0
DA:264,0
DA:265,0
DA:268,0
DA:274,0
DA:277,0
DA:280,0
DA:281,0
DA:282,0
DA:285,0
DA:288,0
DA:292,0
DA:295,0
DA:296,0
DA:297,0
DA:298,0
DA:301,0
DA:302,0
DA:305,0
DA:306,0
DA:307,0
DA:310,0
DA:311,0
DA:314,0
DA:315,0
DA:316,0
DA:319,0
DA:320,0
DA:321,0
DA:324,0
DA:327,0
DA:328,0
DA:329,0
DA:331,0
DA:335,0
DA:342,0
DA:343,0
DA:344,0
DA:351,0
DA:354,0
DA:355,0
DA:359,0
DA:360,0
DA:364,0
DA:365,0
DA:368,0
DA:369,0
DA:370,0
DA:376,0
DA:418,0
DA:419,0
DA:427,25
DA:428,25
DA:438,25
DA:439,0
DA:451,0
DA:456,0
DA:470,0
DA:474,0
DA:475,0
DA:477,0
DA:478,0
DA:482,0
DA:485,0
DA:486,0
DA:487,0
DA:492,0
DA:496,0
DA:499,0
DA:500,0
DA:504,0
DA:507,0
DA:513,0
DA:514,0
DA:521,0
DA:535,0
DA:536,0
DA:544,0
DA:545,0
DA:551,0
DA:558,0
DA:559,0
DA:574,0
DA:584,0
DA:585,0
DA:587,0
DA:595,0
DA:597,0
DA:608,0
DA:609,0
DA:621,0
DA:622,0
DA:632,0
DA:633,0
DA:635,0
DA:646,0
DA:647,0
DA:658,0
DA:667,0
DA:676,0
DA:685,0
DA:694,0
DA:695,0
DA:704,0
DA:713,0
DA:714,0
DA:721,0
DA:722,0
DA:724,0
DA:730,0
DA:734,0
DA:743,0
DA:752,0
DA:753,0
DA:755,0
DA:765,0
DA:775,0
DA:785,0
DA:798,0
DA:812,0
DA:814,0
DA:822,0
DA:831,0
DA:832,0
DA:835,0
DA:836,0
DA:838,0
DA:839,0
DA:840,0
DA:841,0
DA:842,0
DA:847,0
DA:849,0
DA:856,0
DA:857,0
DA:858,0
DA:859,0
DA:860,0
DA:865,0
DA:868,0
DA:876,0
DA:877,0
DA:878,0
DA:880,0
DA:881,0
DA:882,0
DA:884,0
DA:889,0
DA:891,0
DA:899,0
DA:900,0
DA:901,0
DA:904,0
DA:905,0
DA:908,0
DA:909,0
DA:910,0
DA:918,0
DA:919,0
DA:920,0
DA:929,0
DA:930,0
DA:931,0
DA:934,0
DA:935,0
DA:936,0
DA:937,0
DA:947,0
DA:949,0
DA:950,0
DA:952,0
DA:954,0
DA:963,0
DA:971,0
DA:972,0
DA:984,0
DA:986,0
DA:996,0
DA:999,0
DA:1000,0
DA:1003,0
DA:1007,1
LF:265
LH:28
BRDA:18,0,0,0
BRDA:18,0,1,0
BRDA:18,1,0,0
BRDA:18,1,1,0
BRDA:24,2,0,0
BRDA:24,2,1,0
BRDA:75,3,0,0
BRDA:84,4,0,25
BRDA:84,4,1,0
BRDA:85,5,0,25
BRDA:85,5,1,25
BRDA:86,6,0,25
BRDA:86,6,1,25
BRDA:104,7,0,0
BRDA:104,7,1,0
BRDA:142,8,0,0
BRDA:142,8,1,0
BRDA:144,9,0,0
BRDA:144,9,1,0
BRDA:182,10,0,0
BRDA:208,11,0,0
BRDA:208,11,1,0
BRDA:211,12,0,0
BRDA:211,12,1,0
BRDA:211,13,0,0
BRDA:211,13,1,0
BRDA:224,14,0,0
BRDA:224,14,1,0
BRDA:253,15,0,0
BRDA:253,15,1,0
BRDA:477,16,0,0
BRDA:477,16,1,0
BRDA:477,17,0,0
BRDA:477,17,1,0
BRDA:486,18,0,0
BRDA:486,18,1,0
BRDA:486,19,0,0
BRDA:486,19,1,0
BRDA:499,20,0,0
BRDA:499,20,1,0
BRDA:752,21,0,0
BRDA:752,21,1,0
BRDA:831,22,0,0
BRDA:831,22,1,0
BRDA:838,23,0,0
BRDA:838,23,1,0
BRDA:838,24,0,0
BRDA:838,24,1,0
BRDA:856,25,0,0
BRDA:856,25,1,0
BRDA:856,26,0,0
BRDA:856,26,1,0
BRDA:899,27,0,0
BRDA:899,27,1,0
BRDA:913,28,0,0
BRDA:913,28,1,0
BRDA:914,29,0,0
BRDA:914,29,1,0
BRDA:915,30,0,0
BRDA:915,30,1,0
BRDA:918,31,0,0
BRDA:918,31,1,0
BRDA:929,32,0,0
BRDA:929,32,1,0
BRDA:967,33,0,0
BRDA:967,33,1,0
BRDA:984,34,0,0
BRDA:984,34,1,0
BRDA:999,35,0,0
BRDA:999,35,1,0
BRDA:1003,36,0,0
BRDA:1003,36,1,0
BRDA:1003,36,2,0
BRF:73
BRH:5
end_of_record
TN:
SF:src\lib\github.ts
FN:29,(anonymous_0)
FN:43,(anonymous_1)
FN:53,(anonymous_2)
FN:62,(anonymous_3)
FN:84,(anonymous_4)
FN:103,(anonymous_5)
FN:136,(anonymous_6)
FN:145,(anonymous_7)
FN:157,(anonymous_8)
FN:189,(anonymous_9)
FN:198,(anonymous_10)
FN:207,(anonymous_11)
FN:214,(anonymous_12)
FN:257,(anonymous_13)
FN:309,(anonymous_14)
FN:340,(anonymous_15)
FN:358,(anonymous_16)
FN:361,(anonymous_17)
FN:362,(anonymous_18)
FN:363,(anonymous_19)
FN:364,(anonymous_20)
FN:376,(anonymous_21)
FN:382,(anonymous_22)
FN:400,(anonymous_23)
FN:421,(anonymous_24)
FN:441,(anonymous_25)
FN:471,(anonymous_26)
FN:472,(anonymous_27)
FN:478,(anonymous_28)
FN:498,(anonymous_29)
FN:508,(anonymous_30)
FN:531,(anonymous_31)
FN:542,(anonymous_32)
FN:554,(anonymous_33)
FN:561,(anonymous_34)
FNF:35
FNH:0
FNDA:0,(anonymous_0)
FNDA:0,(anonymous_1)
FNDA:0,(anonymous_2)
FNDA:0,(anonymous_3)
FNDA:0,(anonymous_4)
FNDA:0,(anonymous_5)
FNDA:0,(anonymous_6)
FNDA:0,(anonymous_7)
FNDA:0,(anonymous_8)
FNDA:0,(anonymous_9)
FNDA:0,(anonymous_10)
FNDA:0,(anonymous_11)
FNDA:0,(anonymous_12)
FNDA:0,(anonymous_13)
FNDA:0,(anonymous_14)
FNDA:0,(anonymous_15)
FNDA:0,(anonymous_16)
FNDA:0,(anonymous_17)
FNDA:0,(anonymous_18)
FNDA:0,(anonymous_19)
FNDA:0,(anonymous_20)
FNDA:0,(anonymous_21)
FNDA:0,(anonymous_22)
FNDA:0,(anonymous_23)
FNDA:0,(anonymous_24)
FNDA:0,(anonymous_25)
FNDA:0,(anonymous_26)
FNDA:0,(anonymous_27)
FNDA:0,(anonymous_28)
FNDA:0,(anonymous_29)
FNDA:0,(anonymous_30)
FNDA:0,(anonymous_31)
FNDA:0,(anonymous_32)
FNDA:0,(anonymous_33)
FNDA:0,(anonymous_34)
DA:23,0
DA:24,0
DA:25,0
DA:26,0
DA:27,0
DA:30,0
DA:31,0
DA:32,0
DA:33,0
DA:44,0
DA:45,0
DA:47,0
DA:54,0
DA:55,0
DA:58,0
DA:59,0
DA:60,0
DA:62,0
DA:63,0
DA:64,0
DA:70,0
DA:71,0
DA:73,0
DA:74,0
DA:76,0
DA:88,0
DA:89,0
DA:92,0
DA:93,0
DA:94,0
DA:95,0
DA:103,0
DA:104,0
DA:105,0
DA:111,0
DA:113,0
DA:119,0
DA:121,0
DA:128,0
DA:137,0
DA:138,0
DA:141,0
DA:142,0
DA:143,0
DA:145,0
DA:146,0
DA:147,0
DA:156,0
DA:157,0
DA:167,0
DA:178,0
DA:179,0
DA:181,0
DA:190,0
DA:191,0
DA:194,0
DA:195,0
DA:196,0
DA:198,0
DA:199,0
DA:200,0
DA:207,0
DA:208,0
DA:209,0
DA:214,0
DA:215,0
DA:217,0
DA:218,0
DA:222,0
DA:224,0
DA:226,0
DA:246,0
DA:247,0
DA:249,0
DA:264,0
DA:266,0
DA:267,0
DA:269,0
DA:276,0
DA:277,0
DA:278,0
DA:285,0
DA:286,0
DA:288,0
DA:289,0
DA:299,0
DA:301,0
DA:302,0
DA:314,0
DA:322,0
DA:323,0
DA:326,0
DA:327,0
DA:330,0
DA:331,0
DA:334,0
DA:341,0
DA:343,0
DA:345,0
DA:346,0
DA:347,0
DA:348,0
DA:349,0
DA:350,0
DA:352,0
DA:359,0
DA:361,0
DA:362,0
DA:363,0
DA:364,0
DA:366,0
DA:367,0
DA:368,0
DA:370,0
DA:377,0
DA:379,0
DA:380,0
DA:382,0
DA:383,0
DA:384,0
DA:385,0
DA:386,0
DA:390,0
DA:392,0
DA:393,0
DA:394,0
DA:401,0
DA:402,0
DA:408,0
DA:409,0
DA:410,0
DA:413,0
DA:415,0
DA:422,0
DA:423,0
DA:429,0
DA:430,0
DA:433,0
DA:435,0
DA:444,0
DA:445,0
DA:446,0
DA:448,0
DA:450,0
DA:451,0
DA:455,0
DA:457,0
DA:460,0
DA:461,0
DA:465,0
DA:472,0
DA:479,0
DA:481,0
DA:482,0
DA:483,0
DA:484,0
DA:485,0
DA:486,0
DA:488,0
DA:499,0
DA:500,0
DA:501,0
DA:509,0
DA:510,0
DA:511,0
DA:512,0
DA:513,0
DA:515,0
DA:516,0
DA:525,0
DA:532,0
DA:533,0
DA:534,0
DA:536,0
DA:537,0
DA:539,0
DA:543,0
DA:548,0
DA:555,0
DA:562,0
LF:180
LH:0
BRDA:29,0,0,0
BRDA:30,1,0,0
BRDA:30,1,1,0
BRDA:31,2,0,0
BRDA:31,2,1,0
BRDA:34,3,0,0
BRDA:34,3,1,0
BRDA:35,4,0,0
BRDA:35,4,1,0
BRDA:36,5,0,0
BRDA:36,5,1,0
BRDA:54,6,0,0
BRDA:54,6,1,0
BRDA:60,7,0,0
BRDA:60,7,1,0
BRDA:71,8,0,0
BRDA:71,8,1,0
BRDA:88,9,0,0
BRDA:88,9,1,0
BRDA:88,10,0,0
BRDA:88,10,1,0
BRDA:94,11,0,0
BRDA:94,11,1,0
BRDA:136,12,0,0
BRDA:137,13,0,0
BRDA:137,13,1,0
BRDA:137,14,0,0
BRDA:137,14,1,0
BRDA:143,15,0,0
BRDA:143,15,1,0
BRDA:156,16,0,0
BRDA:156,16,1,0
BRDA:190,17,0,0
BRDA:190,17,1,0
BRDA:190,18,0,0
BRDA:190,18,1,0
BRDA:196,19,0,0
BRDA:196,19,1,0
BRDA:208,20,0,0
BRDA:208,20,1,0
BRDA:217,21,0,0
BRDA:217,21,1,0
BRDA:238,22,0,0
BRDA:238,22,1,0
BRDA:239,23,0,0
BRDA:239,23,1,0
BRDA:260,24,0,0
BRDA:261,25,0,0
BRDA:262,26,0,0
BRDA:264,27,0,0
BRDA:264,27,1,0
BRDA:270,28,0,0
BRDA:270,28,1,0
BRDA:271,29,0,0
BRDA:271,29,1,0
BRDA:277,30,0,0
BRDA:277,30,1,0
BRDA:277,31,0,0
BRDA:277,31,1,0
BRDA:285,32,0,0
BRDA:285,32,1,0
BRDA:288,33,0,0
BRDA:288,33,1,0
BRDA:322,34,0,0
BRDA:322,34,1,0
BRDA:326,35,0,0
BRDA:326,35,1,0
BRDA:330,36,0,0
BRDA:330,36,1,0
BRDA:341,37,0,0
BRDA:341,37,1,0
BRDA:345,38,0,0
BRDA:345,38,1,0
BRDA:346,39,0,0
BRDA:346,39,1,0
BRDA:347,40,0,0
BRDA:347,40,1,0
BRDA:348,41,0,0
BRDA:348,41,1,0
BRDA:349,42,0,0
BRDA:349,42,1,0
BRDA:350,43,0,0
BRDA:350,43,1,0
BRDA:359,44,0,0
BRDA:359,44,1,0
BRDA:361,45,0,0
BRDA:361,45,1,0
BRDA:366,46,0,0
BRDA:366,46,1,0
BRDA:366,47,0,0
BRDA:366,47,1,0
BRDA:367,48,0,0
BRDA:367,48,1,0
BRDA:367,49,0,0
BRDA:367,49,1,0
BRDA:368,50,0,0
BRDA:368,50,1,0
BRDA:377,51,0,0
BRDA:377,51,1,0
BRDA:383,52,0,0
BRDA:383,52,1,0
BRDA:384,53,0,0
BRDA:384,53,1,0
BRDA:392,54,0,0
BRDA:392,54,1,0
BRDA:392,55,0,0
BRDA:392,55,1,0
BRDA:393,56,0,0
BRDA:393,56,1,0
BRDA:393,57,0,0
BRDA:393,57,1,0
BRDA:408,58,0,0
BRDA:408,58,1,0
BRDA:429,59,0,0
BRDA:429,59,1,0
BRDA:450,60,0,0
BRDA:450,60,1,0
BRDA:455,61,0,0
BRDA:455,61,1,0
BRDA:455,62,0,0
BRDA:455,62,1,0
BRDA:455,62,2,0
BRDA:481,63,0,0
BRDA:481,63,1,0
BRDA:483,64,0,0
BRDA:483,64,1,0
BRDA:485,65,0,0
BRDA:485,65,1,0
BRDA:500,66,0,0
BRDA:500,66,1,0
BRDA:500,67,0,0
BRDA:500,67,1,0
BRDA:515,68,0,0
BRDA:515,68,1,0
BRDA:515,69,0,0
BRDA:515,69,1,0
BRDA:515,69,2,0
BRDA:515,69,3,0
BRDA:521,70,0,0
BRDA:521,70,1,0
BRDA:533,71,0,0
BRDA:533,71,1,0
BRDA:533,72,0,0
BRDA:533,72,1,0
BRDA:536,73,0,0
BRDA:536,73,1,0
BRF:146
BRH:0
end_of_record
TN:
SF:src\lib\githubAuth.js
FN:6,(anonymous_0)
FN:21,generateState
FN:26,(anonymous_2)
FN:48,(anonymous_3)
FN:56,(anonymous_4)
FN:79,(anonymous_5)
FN:95,(anonymous_6)
FN:115,(anonymous_7)
FN:120,(anonymous_8)
FN:125,(anonymous_9)
FN:130,(anonymous_10)
FN:136,(anonymous_11)
FN:141,(anonymous_12)
FNF:13
FNH:0
FNDA:0,(anonymous_0)
FNDA:0,generateState
FNDA:0,(anonymous_2)
FNDA:0,(anonymous_3)
FNDA:0,(anonymous_4)
FNDA:0,(anonymous_5)
FNDA:0,(anonymous_6)
FNDA:0,(anonymous_7)
FNDA:0,(anonymous_8)
FNDA:0,(anonymous_9)
FNDA:0,(anonymous_10)
FNDA:0,(anonymous_11)
FNDA:0,(anonymous_12)
DA:2,0
DA:3,0
DA:6,0
DA:7,0
DA:8,0
DA:10,0
DA:17,0
DA:22,0
DA:26,0
DA:27,0
DA:30,0
DA:32,0
DA:33,0
DA:36,0
DA:37,0
DA:40,0
DA:41,0
DA:44,0
DA:48,0
DA:49,0
DA:50,0
DA:51,0
DA:52,0
DA:56,0
DA:58,0
DA:71,0
DA:72,0
DA:75,0
DA:79,0
DA:80,0
DA:87,0
DA:88,0
DA:91,0
DA:95,0
DA:96,0
DA:97,0
DA:107,0
DA:108,0
DA:111,0
DA:115,0
DA:116,0
DA:120,0
DA:121,0
DA:125,0
DA:126,0
DA:130,0
DA:131,0
DA:132,0
DA:136,0
DA:137,0
DA:141,0
DA:142,0
DA:143,0
LF:53
LH:0
BRDA:30,0,0,0
BRDA:30,0,1,0
BRDA:71,1,0,0
BRDA:71,1,1,0
BRDA:87,2,0,0
BRDA:87,2,1,0
BRDA:95,3,0,0
BRDA:96,4,0,0
BRDA:96,5,0,0
BRDA:96,6,0,0
BRDA:96,7,0,0
BRDA:107,8,0,0
BRDA:107,8,1,0
BRDA:143,9,0,0
BRDA:143,9,1,0
BRF:15
BRH:0
end_of_record
TN:
SF:src\lib\integrationHub.ts
FN:45,(anonymous_0)
FN:75,(anonymous_1)
FN:143,(anonymous_2)
FN:186,(anonymous_3)
FN:218,(anonymous_4)
FN:260,(anonymous_5)
FN:291,(anonymous_6)
FN:325,(anonymous_7)
FN:369,(anonymous_8)
FN:376,(anonymous_9)
FN:383,(anonymous_10)
FN:412,(anonymous_11)
FN:442,(anonymous_12)
FN:450,(anonymous_13)
FN:451,(anonymous_14)
FN:453,(anonymous_15)
FN:461,(anonymous_16)
FN:467,(anonymous_17)
FN:497,(anonymous_18)
FN:527,(anonymous_19)
FN:554,(anonymous_20)
FN:581,(anonymous_21)
FN:608,(anonymous_22)
FN:635,(anonymous_23)
FN:662,(anonymous_24)
FN:689,(anonymous_25)
FN:716,(anonymous_26)
FN:743,(anonymous_27)
FN:770,(anonymous_28)
FN:771,(anonymous_29)
FN:776,(anonymous_30)
FN:781,(anonymous_31)
FN:787,(anonymous_32)
FN:788,(anonymous_33)
FN:793,(anonymous_34)
FN:799,(anonymous_35)
FN:822,(anonymous_36)
FN:828,(anonymous_37)
FN:847,(anonymous_38)
FN:865,(anonymous_39)
FN:872,(anonymous_40)
FN:888,(anonymous_41)
FN:908,(anonymous_42)
FN:917,(anonymous_43)
FN:926,(anonymous_44)
FN:935,(anonymous_45)
FN:944,(anonymous_46)
FN:953,(anonymous_47)
FN:962,(anonymous_48)
FN:971,(anonymous_49)
FN:980,(anonymous_50)
FN:989,(anonymous_51)
FN:998,(anonymous_52)
FN:1007,(anonymous_53)
FN:1013,(anonymous_54)
FN:1019,(anonymous_55)
FN:1025,(anonymous_56)
FN:1028,(anonymous_57)
FN:1031,(anonymous_58)
FN:1034,(anonymous_59)
FN:1037,(anonymous_60)
FN:1039,(anonymous_61)
FN:1049,(anonymous_62)
FNF:63
FNH:0
FNDA:0,(anonymous_0)
FNDA:0,(anonymous_1)
FNDA:0,(anonymous_2)
FNDA:0,(anonymous_3)
FNDA:0,(anonymous_4)
FNDA:0,(anonymous_5)
FNDA:0,(anonymous_6)
FNDA:0,(anonymous_7)
FNDA:0,(anonymous_8)
FNDA:0,(anonymous_9)
FNDA:0,(anonymous_10)
FNDA:0,(anonymous_11)
FNDA:0,(anonymous_12)
FNDA:0,(anonymous_13)
FNDA:0,(anonymous_14)
FNDA:0,(anonymous_15)
FNDA:0,(anonymous_16)
FNDA:0,(anonymous_17)
FNDA:0,(anonymous_18)
FNDA:0,(anonymous_19)
FNDA:0,(anonymous_20)
FNDA:0,(anonymous_21)
FNDA:0,(anonymous_22)
FNDA:0,(anonymous_23)
FNDA:0,(anonymous_24)
FNDA:0,(anonymous_25)
FNDA:0,(anonymous_26)
FNDA:0,(anonymous_27)
FNDA:0,(anonymous_28)
FNDA:0,(anonymous_29)
FNDA:0,(anonymous_30)
FNDA:0,(anonymous_31)
FNDA:0,(anonymous_32)
FNDA:0,(anonymous_33)
FNDA:0,(anonymous_34)
FNDA:0,(anonymous_35)
FNDA:0,(anonymous_36)
FNDA:0,(anonymous_37)
FNDA:0,(anonymous_38)
FNDA:0,(anonymous_39)
FNDA:0,(anonymous_40)
FNDA:0,(anonymous_41)
FNDA:0,(anonymous_42)
FNDA:0,(anonymous_43)
FNDA:0,(anonymous_44)
FNDA:0,(anonymous_45)
FNDA:0,(anonymous_46)
FNDA:0,(anonymous_47)
FNDA:0,(anonymous_48)
FNDA:0,(anonymous_49)
FNDA:0,(anonymous_50)
FNDA:0,(anonymous_51)
FNDA:0,(anonymous_52)
FNDA:0,(anonymous_53)
FNDA:0,(anonymous_54)
FNDA:0,(anonymous_55)
FNDA:0,(anonymous_56)
FNDA:0,(anonymous_57)
FNDA:0,(anonymous_58)
FNDA:0,(anonymous_59)
FNDA:0,(anonymous_60)
FNDA:0,(anonymous_61)
FNDA:0,(anonymous_62)
DA:39,0
DA:40,0
DA:41,0
DA:42,0
DA:43,0
DA:46,0
DA:68,0
DA:69,0
DA:76,0
DA:78,0
DA:80,0
DA:81,0
DA:85,0
DA:86,0
DA:90,0
DA:91,0
DA:95,0
DA:96,0
DA:100,0
DA:101,0
DA:105,0
DA:106,0
DA:110,0
DA:111,0
DA:115,0
DA:116,0
DA:120,0
DA:121,0
DA:124,0
DA:125,0
DA:128,0
DA:129,0
DA:132,0
DA:135,0
DA:136,0
DA:148,0
DA:150,0
DA:152,0
DA:153,0
DA:157,0
DA:168,0
DA:171,0
DA:172,0
DA:175,0
DA:178,0
DA:179,0
DA:197,0
DA:198,0
DA:199,0
DA:202,0
DA:204,0
DA:206,0
DA:207,0
DA:210,0
DA:211,0
DA:229,0
DA:230,0
DA:231,0
DA:234,0
DA:236,0
DA:248,0
DA:249,0
DA:252,0
DA:253,0
DA:268,0
DA:269,0
DA:270,0
DA:273,0
DA:275,0
DA:280,0
DA:283,0
DA:284,0
DA:301,0
DA:302,0
DA:303,0
DA:306,0
DA:308,0
DA:313,0
DA:314,0
DA:317,0
DA:318,0
DA:335,0
DA:336,0
DA:337,0
DA:340,0
DA:343,0
DA:345,0
DA:346,0
DA:348,0
DA:349,0
DA:351,0
DA:352,0
DA:354,0
DA:357,0
DA:358,0
DA:361,0
DA:362,0
DA:370,0
DA:377,0
DA:384,0
DA:385,0
DA:386,0
DA:387,0
DA:391,0
DA:393,0
DA:395,0
DA:397,0
DA:399,0
DA:401,0
DA:404,0
DA:405,0
DA:417,0
DA:419,0
DA:420,0
DA:422,0
DA:423,0
DA:425,0
DA:426,0
DA:428,0
DA:431,0
DA:434,0
DA:435,0
DA:449,0
DA:450,0
DA:451,0
DA:453,0
DA:454,0
DA:457,0
DA:461,0
DA:468,0
DA:479,0
DA:481,0
DA:483,0
DA:484,0
DA:487,0
DA:489,0
DA:491,0
DA:492,0
DA:493,0
DA:498,0
DA:509,0
DA:511,0
DA:513,0
DA:514,0
DA:517,0
DA:519,0
DA:521,0
DA:522,0
DA:523,0
DA:528,0
DA:539,0
DA:541,0
DA:543,0
DA:544,0
DA:546,0
DA:548,0
DA:549,0
DA:550,0
DA:555,0
DA:566,0
DA:568,0
DA:570,0
DA:571,0
DA:573,0
DA:575,0
DA:576,0
DA:577,0
DA:582,0
DA:593,0
DA:595,0
DA:597,0
DA:598,0
DA:600,0
DA:602,0
DA:603,0
DA:604,0
DA:609,0
DA:620,0
DA:622,0
DA:624,0
DA:625,0
DA:627,0
DA:629,0
DA:630,0
DA:631,0
DA:636,0
DA:647,0
DA:649,0
DA:651,0
DA:652,0
DA:654,0
DA:656,0
DA:657,0
DA:658,0
DA:663,0
DA:674,0
DA:676,0
DA:678,0
DA:679,0
DA:681,0
DA:683,0
DA:684,0
DA:685,0
DA:690,0
DA:701,0
DA:703,0
DA:705,0
DA:706,0
DA:708,0
DA:710,0
DA:711,0
DA:712,0
DA:717,0
DA:728,0
DA:730,0
DA:732,0
DA:733,0
DA:735,0
DA:737,0
DA:738,0
DA:739,0
DA:744,0
DA:755,0
DA:757,0
DA:759,0
DA:760,0
DA:762,0
DA:764,0
DA:765,0
DA:766,0
DA:771,0
DA:772,0
DA:776,0
DA:777,0
DA:781,0
DA:782,0
DA:788,0
DA:789,0
DA:793,0
DA:794,0
DA:801,0
DA:803,0
DA:804,0
DA:805,0
DA:806,0
DA:807,0
DA:809,0
DA:810,0
DA:811,0
DA:812,0
DA:814,0
DA:816,0
DA:819,0
DA:825,0
DA:829,0
DA:830,0
DA:833,0
DA:835,0
DA:836,0
DA:837,0
DA:838,0
DA:839,0
DA:843,0
DA:848,0
DA:849,0
DA:850,0
DA:851,0
DA:852,0
DA:854,0
DA:857,0
DA:860,0
DA:861,0
DA:862,0
DA:865,0
DA:866,0
DA:878,0
DA:879,0
DA:880,0
DA:883,0
DA:885,0
DA:888,0
DA:890,0
DA:893,0
DA:894,0
DA:898,0
DA:900,0
DA:903,0
DA:904,0
DA:909,0
DA:910,0
DA:911,0
DA:913,0
DA:918,0
DA:919,0
DA:920,0
DA:922,0
DA:927,0
DA:928,0
DA:929,0
DA:931,0
DA:936,0
DA:937,0
DA:938,0
DA:940,0
DA:945,0
DA:946,0
DA:947,0
DA:949,0
DA:954,0
DA:955,0
DA:956,0
DA:958,0
DA:963,0
DA:964,0
DA:965,0
DA:967,0
DA:972,0
DA:973,0
DA:974,0
DA:976,0
DA:981,0
DA:982,0
DA:983,0
DA:985,0
DA:990,0
DA:991,0
DA:992,0
DA:994,0
DA:999,0
DA:1000,0
DA:1001,0
DA:1003,0
DA:1008,0
DA:1014,0
DA:1020,0
DA:1026,0
DA:1028,0
DA:1032,0
DA:1034,0
DA:1039,0
DA:1040,0
DA:1041,0
DA:1050,0
DA:1051,0
DA:1052,0
DA:1054,0
LF:346
LH:0
BRDA:45,0,0,0
BRDA:58,1,0,0
BRDA:58,1,1,0
BRDA:80,2,0,0
BRDA:80,2,1,0
BRDA:85,3,0,0
BRDA:85,3,1,0
BRDA:90,4,0,0
BRDA:90,4,1,0
BRDA:95,5,0,0
BRDA:95,5,1,0
BRDA:100,6,0,0
BRDA:100,6,1,0
BRDA:105,7,0,0
BRDA:105,7,1,0
BRDA:110,8,0,0
BRDA:110,8,1,0
BRDA:115,9,0,0
BRDA:115,9,1,0
BRDA:120,10,0,0
BRDA:120,10,1,0
BRDA:124,11,0,0
BRDA:124,11,1,0
BRDA:128,12,0,0
BRDA:128,12,1,0
BRDA:152,13,0,0
BRDA:152,13,1,0
BRDA:152,14,0,0
BRDA:152,14,1,0
BRDA:171,15,0,0
BRDA:171,15,1,0
BRDA:198,16,0,0
BRDA:198,16,1,0
BRDA:198,17,0,0
BRDA:198,17,1,0
BRDA:230,18,0,0
BRDA:230,18,1,0
BRDA:230,19,0,0
BRDA:230,19,1,0
BRDA:242,20,0,0
BRDA:242,20,1,0
BRDA:244,21,0,0
BRDA:244,21,1,0
BRDA:269,22,0,0
BRDA:269,22,1,0
BRDA:269,23,0,0
BRDA:269,23,1,0
BRDA:302,24,0,0
BRDA:302,24,1,0
BRDA:302,25,0,0
BRDA:302,25,1,0
BRDA:336,26,0,0
BRDA:336,26,1,0
BRDA:336,27,0,0
BRDA:336,27,1,0
BRDA:343,28,0,0
BRDA:343,28,1,0
BRDA:343,28,2,0
BRDA:343,28,3,0
BRDA:370,29,0,0
BRDA:370,29,1,0
BRDA:386,30,0,0
BRDA:386,30,1,0
BRDA:391,31,0,0
BRDA:391,31,1,0
BRDA:391,31,2,0
BRDA:391,31,3,0
BRDA:391,31,4,0
BRDA:420,32,0,0
BRDA:420,32,1,0
BRDA:420,32,2,0
BRDA:454,33,0,0
BRDA:454,33,1,0
BRDA:462,34,0,0
BRDA:462,34,1,0
BRDA:801,35,0,0
BRDA:801,35,1,0
BRDA:801,35,2,0
BRDA:801,35,3,0
BRDA:803,36,0,0
BRDA:803,36,1,0
BRDA:803,37,0,0
BRDA:803,37,1,0
BRDA:804,38,0,0
BRDA:804,38,1,0
BRDA:804,39,0,0
BRDA:804,39,1,0
BRDA:805,40,0,0
BRDA:805,40,1,0
BRDA:805,41,0,0
BRDA:805,41,1,0
BRDA:806,42,0,0
BRDA:806,42,1,0
BRDA:809,43,0,0
BRDA:809,43,1,0
BRDA:810,44,0,0
BRDA:810,44,1,0
BRDA:811,45,0,0
BRDA:811,45,1,0
BRDA:829,46,0,0
BRDA:829,46,1,0
BRDA:829,47,0,0
BRDA:829,47,1,0
BRDA:838,48,0,0
BRDA:838,48,1,0
BRDA:838,49,0,0
BRDA:838,49,1,0
BRDA:850,50,0,0
BRDA:850,50,1,0
BRDA:860,51,0,0
BRDA:860,51,1,0
BRDA:860,52,0,0
BRDA:860,52,1,0
BRDA:862,53,0,0
BRDA:862,53,1,0
BRDA:863,54,0,0
BRDA:863,54,1,0
BRDA:879,55,0,0
BRDA:879,55,1,0
BRDA:1009,56,0,0
BRDA:1009,56,1,0
BRDA:1015,57,0,0
BRDA:1015,57,1,0
BRDA:1021,58,0,0
BRDA:1021,58,1,0
BRDA:1040,59,0,0
BRDA:1040,59,1,0
BRDA:1040,60,0,0
BRDA:1040,60,1,0
BRF:129
BRH:0
end_of_record
TN:
SF:src\lib\mcpServer.ts
FN:31,(anonymous_0)
FN:83,(anonymous_1)
FN:105,(anonymous_2)
FN:129,(anonymous_3)
FN:176,(anonymous_4)
FN:182,(anonymous_5)
FN:205,(anonymous_6)
FN:228,(anonymous_7)
FN:239,(anonymous_8)
FN:262,(anonymous_9)
FN:274,(anonymous_10)
FN:295,(anonymous_11)
FN:300,(anonymous_12)
FN:307,(anonymous_13)
FN:333,(anonymous_14)
FN:357,(anonymous_15)
FN:383,(anonymous_16)
FN:408,(anonymous_17)
FN:435,(anonymous_18)
FN:461,(anonymous_19)
FN:485,(anonymous_20)
FN:511,(anonymous_21)
FN:536,(anonymous_22)
FN:563,(anonymous_23)
FN:598,(anonymous_24)
FN:631,(anonymous_25)
FN:632,(anonymous_26)
FN:633,(anonymous_27)
FN:642,(anonymous_28)
FN:675,(anonymous_29)
FN:676,(anonymous_30)
FN:677,(anonymous_31)
FN:686,(anonymous_32)
FN:730,(anonymous_33)
FN:765,(anonymous_34)
FN:779,(anonymous_35)
FN:814,(anonymous_36)
FN:825,(anonymous_37)
FN:828,(anonymous_38)
FN:829,(anonymous_39)
FN:832,(anonymous_40)
FN:839,(anonymous_41)
FN:842,(anonymous_42)
FN:844,(anonymous_43)
FN:846,(anonymous_44)
FN:849,(anonymous_45)
FN:859,(anonymous_46)
FN:863,(anonymous_47)
FN:872,(anonymous_48)
FN:921,(anonymous_49)
FN:932,(anonymous_50)
FN:943,(anonymous_51)
FN:954,(anonymous_52)
FN:965,(anonymous_53)
FN:976,(anonymous_54)
FN:987,(anonymous_55)
FN:999,(anonymous_56)
FN:1001,(anonymous_57)
FN:1006,(anonymous_58)
FN:1015,(anonymous_59)
FN:1036,(anonymous_60)
FN:1072,(anonymous_61)
FN:1081,(anonymous_62)
FN:1090,(anonymous_63)
FN:1109,(anonymous_64)
FN:1142,(anonymous_65)
FN:1154,(anonymous_66)
FN:1170,(anonymous_67)
FN:1191,(anonymous_68)
FN:1230,(anonymous_69)
FN:1244,(anonymous_70)
FN:1248,(anonymous_71)
FN:1281,(anonymous_72)
FN:1319,(anonymous_73)
FN:1328,(anonymous_74)
FN:1363,(anonymous_75)
FN:1410,(anonymous_76)
FN:1450,(anonymous_77)
FN:1486,(anonymous_78)
FN:1517,(anonymous_79)
FN:1518,(anonymous_80)
FN:1519,(anonymous_81)
FN:1520,(anonymous_82)
FN:1529,(anonymous_83)
FN:1560,(anonymous_84)
FN:1561,(anonymous_85)
FN:1562,(anonymous_86)
FN:1563,(anonymous_87)
FN:1572,(anonymous_88)
FNF:89
FNH:0
FNDA:0,(anonymous_0)
FNDA:0,(anonymous_1)
FNDA:0,(anonymous_2)
FNDA:0,(anonymous_3)
FNDA:0,(anonymous_4)
FNDA:0,(anonymous_5)
FNDA:0,(anonymous_6)
FNDA:0,(anonymous_7)
FNDA:0,(anonymous_8)
FNDA:0,(anonymous_9)
FNDA:0,(anonymous_10)
FNDA:0,(anonymous_11)
FNDA:0,(anonymous_12)
FNDA:0,(anonymous_13)
FNDA:0,(anonymous_14)
FNDA:0,(anonymous_15)
FNDA:0,(anonymous_16)
FNDA:0,(anonymous_17)
FNDA:0,(anonymous_18)
FNDA:0,(anonymous_19)
FNDA:0,(anonymous_20)
FNDA:0,(anonymous_21)
FNDA:0,(anonymous_22)
FNDA:0,(anonymous_23)
FNDA:0,(anonymous_24)
FNDA:0,(anonymous_25)
FNDA:0,(anonymous_26)
FNDA:0,(anonymous_27)
FNDA:0,(anonymous_28)
FNDA:0,(anonymous_29)
FNDA:0,(anonymous_30)
FNDA:0,(anonymous_31)
FNDA:0,(anonymous_32)
[...]
BRDA:349,19,1,0
BRDA:350,20,0,0
BRDA:350,20,1,0
BRDA:351,21,0,0
BRDA:351,21,1,0
BRDA:352,22,0,0
BRDA:352,22,1,0
BRDA:353,23,0,0
BRDA:353,23,1,0
BRDA:360,24,0,0
BRDA:360,24,1,0
BRDA:433,25,0,0
BRDA:433,25,1,0
BRDA:441,26,0,0
BRDA:441,26,1,0
BRDA:459,27,0,0
BRDA:459,27,1,0
BRDA:479,28,0,0
BRDA:479,28,1,0
BRDA:497,29,0,0
BRDA:497,29,1,0
BRDA:506,30,0,0
BRDA:506,30,1,0
BRDA:507,31,0,0
BRDA:507,31,1,0
BRDA:508,32,0,0
BRDA:508,32,1,0
BRDA:525,33,0,0
BRDA:525,33,1,0
BRDA:532,34,0,0
BRDA:532,34,1,0
BRDA:536,35,0,0
BRDA:536,35,1,0
BRDA:542,36,0,0
BRDA:542,36,1,0
BRDA:555,37,0,0
BRDA:555,37,1,0
BRDA:573,38,0,0
BRDA:573,38,1,0
BRDA:578,39,0,0
BRDA:578,39,1,0
BRDA:583,40,0,0
BRDA:583,40,1,0
BRDA:601,41,0,0
BRDA:601,41,1,0
BRDA:604,42,0,0
BRDA:604,42,1,0
BRDA:613,43,0,0
BRDA:613,43,1,0
BRDA:622,44,0,0
BRDA:622,44,1,0
BRF:89
BRH:0
end_of_record
TN:
SF:src\lib\performanceOptimizer.ts
FN:45,(anonymous_0)
FN:64,(anonymous_1)
FN:97,(anonymous_2)
FN:119,(anonymous_3)
FN:120,(anonymous_4)
FN:129,(anonymous_5)
FN:145,(anonymous_6)
FN:170,(anonymous_7)
FN:197,(anonymous_8)
FN:219,(anonymous_9)
FN:242,(anonymous_10)
FN:260,(anonymous_11)
FN:267,(anonymous_12)
FN:276,(anonymous_13)
FN:302,(anonymous_14)
FN:323,(anonymous_15)
FN:329,(anonymous_16)
FN:346,(anonymous_17)
FN:374,(anonymous_18)
FN:378,(anonymous_19)
FN:383,(anonymous_20)
FN:396,(anonymous_21)
FN:407,(anonymous_22)
FN:436,(anonymous_23)
FN:447,(anonymous_24)
FN:448,(anonymous_25)
FN:458,(anonymous_26)
FN:469,(anonymous_27)
FN:474,(anonymous_28)
FN:481,(anonymous_29)
FN:488,(anonymous_30)
FN:495,(anonymous_31)
FN:496,(anonymous_32)
FN:502,(anonymous_33)
FNF:34
FNH:0
FNDA:0,(anonymous_0)
FNDA:0,(anonymous_1)
FNDA:0,(anonymous_2)
FNDA:0,(anonymous_3)
FNDA:0,(anonymous_4)
FNDA:0,(anonymous_5)
FNDA:0,(anonymous_6)
FNDA:0,(anonymous_7)
FNDA:0,(anonymous_8)
FNDA:0,(anonymous_9)
FNDA:0,(anonymous_10)
FNDA:0,(anonymous_11)
FNDA:0,(anonymous_12)
FNDA:0,(anonymous_13)
FNDA:0,(anonymous_14)
FNDA:0,(anonymous_15)
FNDA:0,(anonymous_16)
FNDA:0,(anonymous_17)
FNDA:0,(anonymous_18)
FNDA:0,(anonymous_19)
FNDA:0,(anonymous_20)
FNDA:0,(anonymous_21)
FNDA:0,(anonymous_22)
FNDA:0,(anonymous_23)
FNDA:0,(anonymous_24)
FNDA:0,(anonymous_25)
FNDA:0,(anonymous_26)
FNDA:0,(anonymous_27)
FNDA:0,(anonymous_28)
FNDA:0,(anonymous_29)
FNDA:0,(anonymous_30)
FNDA:0,(anonymous_31)
FNDA:0,(anonymous_32)
FNDA:0,(anonymous_33)
DA:27,0
DA:28,0
DA:29,0
DA:34,0
DA:35,0
DA:36,0
DA:46,0
DA:58,0
DA:69,0
DA:71,0
DA:73,0
DA:74,0
DA:75,0
DA:76,0
DA:77,0
DA:82,0
DA:83,0
DA:86,0
DA:89,0
DA:90,0
DA:106,0
DA:107,0
DA:109,0
DA:110,0
DA:113,0
DA:114,0
DA:115,0
DA:117,0
DA:119,0
DA:120,0
DA:121,0
DA:122,0
DA:126,0
DA:129,0
DA:130,0
DA:133,0
DA:136,0
DA:139,0
DA:140,0
DA:141,0
DA:144,0
DA:145,0
DA:153,0
DA:155,0
DA:171,0
DA:173,0
DA:175,0
DA:176,0
DA:179,0
DA:182,0
DA:184,0
DA:186,0
DA:187,0
DA:189,0
DA:190,0
DA:205,0
DA:206,0
DA:207,0
DA:209,0
DA:210,0
DA:212,0
DA:213,0
DA:214,0
DA:216,0
DA:218,0
DA:219,0
DA:223,0
DA:224,0
DA:225,0
DA:226,0
DA:230,0
DA:233,0
DA:234,0
DA:240,0
DA:241,0
DA:242,0
DA:245,0
DA:246,0
DA:247,0
DA:248,0
DA:252,0
DA:253,0
DA:261,0
DA:268,0
DA:269,0
DA:270,0
DA:282,0
DA:283,0
DA:284,0
DA:286,0
DA:287,0
DA:288,0
DA:289,0
DA:293,0
DA:307,0
DA:309,0
DA:310,0
DA:312,0
DA:313,0
DA:316,0
DA:317,0
DA:319,0
DA:329,0
DA:330,0
DA:339,0
DA:342,0
DA:347,0
DA:348,0
DA:352,0
DA:353,0
DA:354,0
DA:355,0
DA:356,0
DA:357,0
DA:358,0
DA:361,0
DA:362,0
DA:363,0
DA:368,0
DA:370,0
DA:374,0
DA:379,0
DA:384,0
DA:385,0
DA:387,0
DA:388,0
DA:389,0
DA:390,0
DA:393,0
DA:397,0
DA:398,0
DA:404,0
DA:408,0
DA:410,0
DA:412,0
DA:413,0
DA:417,0
DA:422,0
DA:423,0
DA:429,0
DA:430,0
DA:433,0
DA:437,0
DA:448,0
DA:449,0
DA:451,0
DA:452,0
DA:453,0
DA:459,0
DA:460,0
DA:462,0
DA:470,0
DA:471,0
DA:475,0
DA:476,0
DA:477,0
DA:483,0
DA:484,0
DA:489,0
DA:490,0
DA:491,0
DA:496,0
DA:503,0
DA:504,0
DA:505,0
DA:508,0
DA:509,0
DA:510,0
DA:511,0
DA:512,0
DA:514,0
LF:171
LH:0
BRDA:45,0,0,0
BRDA:67,1,0,0
BRDA:73,2,0,0
BRDA:73,2,1,0
BRDA:75,3,0,0
BRDA:75,3,1,0
BRDA:82,4,0,0
BRDA:82,4,1,0
BRDA:100,5,0,0
BRDA:107,6,0,0
BRDA:140,7,0,0
BRDA:140,7,1,0
BRDA:140,8,0,0
BRDA:140,8,1,0
BRDA:175,9,0,0
BRDA:175,9,1,0
BRDA:200,10,0,0
BRDA:205,11,0,0
BRDA:216,12,0,0
BRDA:216,12,1,0
BRDA:233,13,0,0
BRDA:233,13,1,0
BRDA:240,14,0,0
BRDA:240,14,1,0
BRDA:287,15,0,0
BRDA:287,15,1,0
BRDA:297,16,0,0
BRDA:297,16,1,0
BRDA:312,17,0,0
BRDA:312,17,1,0
BRDA:347,18,0,0
BRDA:347,18,1,0
BRDA:353,19,0,0
BRDA:353,19,1,0
BRDA:355,20,0,0
BRDA:355,20,1,0
BRDA:357,21,0,0
BRDA:357,21,1,0
BRDA:361,22,0,0
BRDA:361,22,1,0
BRDA:379,23,0,0
BRDA:379,23,1,0
BRDA:385,24,0,0
BRDA:385,24,1,0
BRDA:388,25,0,0
BRDA:388,25,1,0
BRDA:407,26,0,0
BRDA:412,27,0,0
BRDA:412,27,1,0
BRDA:422,28,0,0
BRDA:422,28,1,0
BRDA:451,29,0,0
BRDA:451,29,1,0
BRDA:475,30,0,0
BRDA:475,30,1,0
BRDA:483,31,0,0
BRDA:483,31,1,0
BRDA:490,32,0,0
BRDA:490,32,1,0
BRDA:491,33,0,0
BRDA:491,33,1,0
BRDA:503,34,0,0
BRDA:503,34,1,0
BRF:63
BRH:0
end_of_record
TN:
SF:src\lib\realTimeCollaboration.ts
FN:42,(anonymous_0)
FN:64,(anonymous_1)
FN:134,(anonymous_2)
FN:187,(anonymous_3)
FN:196,(anonymous_4)
FN:237,(anonymous_5)
FN:247,(anonymous_6)
FN:275,(anonymous_7)
FN:304,(anonymous_8)
FN:315,(anonymous_9)
FN:333,(anonymous_10)
FN:384,(anonymous_11)
FN:423,(anonymous_12)
FN:457,(anonymous_13)
FN:511,(anonymous_14)
FN:553,(anonymous_15)
FN:561,(anonymous_16)
FN:568,(anonymous_17)
FN:570,(anonymous_18)
FN:570,(anonymous_19)
FN:576,(anonymous_20)
FN:584,(anonymous_21)
FN:586,(anonymous_22)
FN:587,(anonymous_23)
FN:594,(anonymous_24)
FN:595,(anonymous_25)
FN:610,(anonymous_26)
FN:614,(anonymous_27)
FN:618,(anonymous_28)
FN:625,(anonymous_29)
FN:637,(anonymous_30)
FN:640,(anonymous_31)
FN:643,(anonymous_32)
FN:653,(anonymous_33)
FN:660,(anonymous_34)
FN:731,(anonymous_35)
FN:736,(anonymous_36)
FN:749,(anonymous_37)
FN:750,(anonymous_38)
FN:763,(anonymous_39)
FN:764,(anonymous_40)
FN:769,(anonymous_41)
FN:779,(anonymous_42)
FNF:43
FNH:0
FNDA:0,(anonymous_0)
FNDA:0,(anonymous_1)
FNDA:0,(anonymous_2)
FNDA:0,(anonymous_3)
FNDA:0,(anonymous_4)
FNDA:0,(anonymous_5)
FNDA:0,(anonymous_6)
FNDA:0,(anonymous_7)
FNDA:0,(anonymous_8)
FNDA:0,(anonymous_9)
FNDA:0,(anonymous_10)
FNDA:0,(anonymous_11)
FNDA:0,(anonymous_12)
FNDA:0,(anonymous_13)
FNDA:0,(anonymous_14)
FNDA:0,(anonymous_15)
FNDA:0,(anonymous_16)
FNDA:0,(anonymous_17)
FNDA:0,(anonymous_18)
FNDA:0,(anonymous_19)
FNDA:0,(anonymous_20)
FNDA:0,(anonymous_21)
FNDA:0,(anonymous_22)
FNDA:0,(anonymous_23)
FNDA:0,(anonymous_24)
FNDA:0,(anonymous_25)
FNDA:0,(anonymous_26)
FNDA:0,(anonymous_27)
FNDA:0,(anonymous_28)
FNDA:0,(anonymous_29)
FNDA:0,(anonymous_30)
FNDA:0,(anonymous_31)
FNDA:0,(anonymous_32)
FNDA:0,(anonymous_33)
FNDA:0,(anonymous_34)
FNDA:0,(anonymous_35)
FNDA:0,(anonymous_36)
FNDA:0,(anonymous_37)
FNDA:0,(anonymous_38)
FNDA:0,(anonymous_39)
FNDA:0,(anonymous_40)
FNDA:0,(anonymous_41)
FNDA:0,(anonymous_42)
DA:32,0
DA:33,0
DA:34,0
DA:35,0
DA:36,0
DA:37,0
DA:38,0
DA:39,0
DA:40,0
DA:43,0
DA:44,0
DA:57,0
DA:58,0
DA:80,0
DA:105,0
DA:106,0
DA:115,0
DA:125,0
DA:126,0
DA:128,0
DA:138,0
DA:139,0
DA:140,0
DA:143,0
DA:144,0
DA:147,0
DA:148,0
DA:151,0
DA:152,0
DA:156,0
DA:157,0
DA:159,0
DA:168,0
DA:178,0
DA:179,0
DA:181,0
DA:191,0
DA:192,0
DA:193,0
DA:196,0
DA:197,0
DA:198,0
DA:201,0
DA:202,0
DA:203,0
DA:206,0
DA:207,0
DA:208,0
DA:209,0
DA:210,0
DA:213,0
DA:223,0
DA:226,0
DA:227,0
DA:230,0
DA:231,0
DA:238,0
DA:239,0
DA:240,0
DA:243,0
DA:244,0
DA:247,0
DA:248,0
DA:249,0
DA:250,0
DA:251,0
DA:252,0
DA:256,0
DA:266,0
DA:267,0
DA:269,0
DA:286,0
DA:287,0
DA:288,0
DA:291,0
DA:293,0
DA:304,0
DA:309,0
DA:311,0
DA:315,0
DA:321,0
DA:324,0
DA:326,0
DA:327,0
DA:344,0
DA:364,0
DA:366,0
DA:375,0
DA:376,0
DA:378,0
DA:389,0
DA:390,0
DA:391,0
DA:394,0
DA:395,0
DA:398,0
DA:399,0
DA:402,0
DA:403,0
DA:405,0
DA:414,0
DA:415,0
DA:417,0
DA:428,0
DA:429,0
DA:430,0
DA:433,0
DA:434,0
DA:436,0
DA:437,0
DA:439,0
DA:448,0
DA:449,0
DA:451,0
DA:469,0
DA:471,0
DA:486,0
DA:488,0
DA:502,0
DA:503,0
DA:505,0
DA:516,0
DA:517,0
DA:518,0
DA:521,0
DA:528,0
DA:529,0
DA:532,0
DA:534,0
DA:544,0
DA:545,0
DA:547,0
DA:554,0
DA:555,0
DA:562,0
DA:569,0
DA:570,0
DA:577,0
DA:578,0
DA:585,0
DA:586,0
DA:587,0
DA:595,0
DA:596,0
DA:597,0
DA:600,0
DA:601,0
DA:604,0
DA:611,0
DA:613,0
DA:614,0
DA:617,0
DA:618,0
DA:633,0
DA:634,0
DA:636,0
DA:637,0
DA:639,0
DA:640,0
DA:642,0
DA:643,0
DA:654,0
DA:656,0
DA:657,0
DA:660,0
DA:661,0
DA:662,0
DA:663,0
DA:665,0
DA:674,0
DA:677,0
DA:678,0
DA:683,0
DA:686,0
DA:687,0
DA:688,0
DA:689,0
DA:690,0
DA:691,0
DA:692,0
DA:697,0
DA:701,0
DA:704,0
DA:705,0
DA:711,0
DA:713,0
DA:715,0
DA:718,0
DA:720,0
DA:721,0
DA:723,0
DA:732,0
DA:733,0
DA:737,0
DA:739,0
DA:742,0
DA:743,0
DA:746,0
DA:750,0
DA:751,0
DA:752,0
DA:754,0
DA:755,0
DA:756,0
DA:757,0
DA:764,0
DA:765,0
DA:766,0
DA:768,0
DA:769,0
DA:772,0
DA:780,0
DA:781,0
DA:782,0
DA:783,0
DA:784,0
DA:785,0
DA:786,0
DA:787,0
DA:789,0
DA:790,0
LF:221
LH:0
BRDA:42,0,0,0
BRDA:71,1,0,0
BRDA:83,2,0,0
BRDA:83,2,1,0
BRDA:91,3,0,0
BRDA:91,3,1,0
BRDA:92,4,0,0
BRDA:92,4,1,0
BRDA:93,5,0,0
BRDA:93,5,1,0
BRDA:139,6,0,0
BRDA:139,6,1,0
BRDA:143,7,0,0
BRDA:143,7,1,0
BRDA:147,8,0,0
BRDA:147,8,1,0
BRDA:151,9,0,0
BRDA:151,9,1,0
BRDA:151,10,0,0
BRDA:151,10,1,0
BRDA:192,11,0,0
BRDA:192,11,1,0
BRDA:197,12,0,0
BRDA:197,12,1,0
BRDA:207,13,0,0
BRDA:207,13,1,0
BRDA:226,14,0,0
BRDA:226,14,1,0
BRDA:239,15,0,0
BRDA:239,15,1,0
BRDA:249,16,0,0
BRDA:249,16,1,0
BRDA:279,17,0,0
BRDA:287,18,0,0
BRDA:287,18,1,0
BRDA:315,19,0,0
BRDA:315,19,1,0
BRDA:353,20,0,0
BRDA:353,20,1,0
BRDA:354,21,0,0
BRDA:354,21,1,0
BRDA:355,22,0,0
BRDA:355,22,1,0
BRDA:390,23,0,0
BRDA:390,23,1,0
BRDA:394,24,0,0
BRDA:394,24,1,0
BRDA:398,25,0,0
BRDA:398,25,1,0
BRDA:398,26,0,0
BRDA:398,26,1,0
BRDA:429,27,0,0
BRDA:429,27,1,0
BRDA:462,28,0,0
BRDA:477,29,0,0
BRDA:477,29,1,0
BRDA:517,30,0,0
BRDA:517,30,1,0
BRDA:528,31,0,0
BRDA:528,31,1,0
BRDA:555,32,0,0
BRDA:555,32,1,0
BRDA:562,33,0,0
BRDA:562,33,1,0
BRDA:578,34,0,0
BRDA:578,34,1,0
BRDA:584,35,0,0
BRDA:596,36,0,0
BRDA:596,36,1,0
BRDA:596,37,0,0
BRDA:596,37,1,0
BRDA:600,38,0,0
BRDA:600,38,1,0
BRDA:610,39,0,0
BRDA:613,40,0,0
BRDA:613,40,1,0
BRDA:687,41,0,0
BRDA:687,41,1,0
BRDA:706,42,0,0
BRDA:706,42,1,0
BRDA:737,43,0,0
BRDA:737,43,1,0
BRDA:742,44,0,0
BRDA:742,44,1,0
BRDA:755,45,0,0
BRDA:755,45,1,0
BRF:86
BRH:0
end_of_record
TN:
SF:src\lib\securityManager.ts
FN:51,(anonymous_0)
FN:82,(anonymous_1)
FN:127,(anonymous_2)
FN:235,(anonymous_3)
FN:274,(anonymous_4)
FN:318,(anonymous_5)
FN:319,(anonymous_6)
FN:320,(anonymous_7)
FN:341,(anonymous_8)
FN:368,(anonymous_9)
FN:395,(anonymous_10)
FN:405,(anonymous_11)
FN:406,(anonymous_12)
FN:413,(anonymous_13)
FN:435,(anonymous_14)
FN:447,(anonymous_15)
FN:451,(anonymous_16)
FN:455,(anonymous_17)
FN:459,(anonymous_18)
FN:462,(anonymous_19)
FN:474,(anonymous_20)
FN:526,(anonymous_21)
FN:543,(anonymous_22)
FN:583,(anonymous_23)
FN:594,(anonymous_24)
FN:600,(anonymous_25)
FN:603,(anonymous_26)
FN:608,(anonymous_27)
FN:613,(anonymous_28)
FN:655,(anonymous_29)
FN:660,(anonymous_30)
FN:665,(anonymous_31)
FN:670,(anonymous_32)
FN:675,(anonymous_33)
FN:686,(anonymous_34)
FN:690,(anonymous_35)
FN:693,(anonymous_36)
FN:720,(anonymous_37)
FN:741,(anonymous_38)
FN:757,(anonymous_39)
FN:767,(anonymous_40)
FN:783,(anonymous_41)
FN:790,(anonymous_42)
FN:803,(anonymous_43)
FN:805,(anonymous_44)
FN:818,(anonymous_45)
FN:826,(anonymous_46)
FN:838,(anonymous_47)
FN:859,(anonymous_48)
FN:880,(anonymous_49)
FN:900,(anonymous_50)
FN:920,(anonymous_51)
FN:944,(anonymous_52)
FN:960,(anonymous_53)
FN:962,(anonymous_54)
FN:967,(anonymous_55)
FN:972,(anonymous_56)
FN:990,(anonymous_57)
FN:1005,(anonymous_58)
FNF:59
FNH:0
FNDA:0,(anonymous_0)
FNDA:0,(anonymous_1)
FNDA:0,(anonymous_2)
FNDA:0,(anonymous_3)
FNDA:0,(anonymous_4)
FNDA:0,(anonymous_5)
FNDA:0,(anonymous_6)
FNDA:0,(anonymous_7)
FNDA:0,(anonymous_8)
FNDA:0,(anonymous_9)
FNDA:0,(anonymous_10)
FNDA:0,(anonymous_11)
FNDA:0,(anonymous_12)
FNDA:0,(anonymous_13)
FNDA:0,(anonymous_14)
FNDA:0,(anonymous_15)
FNDA:0,(anonymous_16)
FNDA:0,(anonymous_17)
FNDA:0,(anonymous_18)
FNDA:0,(anonymous_19)
FNDA:0,(anonymous_20)
FNDA:0,(anonymous_21)
FNDA:0,(anonymous_22)
FNDA:0,(anonymous_23)
FNDA:0,(anonymous_24)
FNDA:0,(anonymous_25)
FNDA:0,(anonymous_26)
FNDA:0,(anonymous_27)
FNDA:0,(anonymous_28)
FNDA:0,(anonymous_29)
FNDA:0,(anonymous_30)
FNDA:0,(anonymous_31)
FNDA:0,(anonymous_32)
FNDA:0,(anonymous_33)
FNDA:0,(anonymous_34)
FNDA:0,(anonymous_35)
FNDA:0,(anonymous_36)
FNDA:0,(anonymous_37)
FNDA:0,(anonymous_38)
FNDA:0,(anonymous_39)
FNDA:0,(anonymous_40)
FNDA:0,(anonymous_41)
FNDA:0,(anonymous_42)
FNDA:0,(anonymous_43)
FNDA:0,(anonymous_44)
FNDA:0,(anonymous_45)
FNDA:0,(anonymous_46)
FNDA:0,(anonymous_47)
FNDA:0,(anonymous_48)
FNDA:0,(anonymous_49)
FNDA:0,(anonymous_50)
FNDA:0,(anonymous_51)
FNDA:0,(anonymous_52)
FNDA:0,(anonymous_53)
FNDA:0,(anonymous_54)
FNDA:0,(anonymous_55)
FNDA:0,(anonymous_56)
FNDA:0,(anonymous_57)
FNDA:0,(anonymous_58)
DA:43,0
DA:44,0
DA:45,0
DA:46,0
DA:47,0
DA:48,0
DA:49,0
DA:52,0
DA:75,0
DA:76,0
DA:83,0
DA:85,0
DA:87,0
DA:88,0
DA:92,0
DA:93,0
DA:97,0
DA:98,0
DA:102,0
DA:103,0
DA:107,0
DA:108,0
DA:112,0
DA:113,0
DA:116,0
DA:119,0
DA:120,0
DA:141,0
DA:143,0
DA:144,0
DA:150,0
DA:151,0
DA:154,0
DA:155,0
DA:156,0
DA:157,0
DA:159,0
DA:160,0
DA:163,0
DA:164,0
DA:165,0
DA:166,0
DA:168,0
DA:172,0
DA:173,0
DA:180,0
DA:181,0
DA:182,0
DA:183,0
DA:188,0
DA:189,0
DA:191,0
DA:200,0
DA:203,0
DA:211,0
DA:224,0
DA:225,0
DA:241,0
DA:243,0
DA:244,0
DA:245,0
DA:249,0
DA:250,0
DA:251,0
DA:255,0
DA:256,0
DA:257,0
DA:260,0
DA:263,0
DA:264,0
DA:282,0
DA:284,0
DA:285,0
DA:287,0
DA:300,0
DA:302,0
DA:303,0
DA:305,0
DA:306,0
DA:308,0
DA:309,0
DA:311,0
DA:312,0
DA:314,0
DA:318,0
DA:319,0
DA:320,0
DA:323,0
DA:324,0
DA:327,0
DA:329,0
DA:330,0
DA:333,0
DA:334,0
DA:342,0
DA:343,0
DA:346,0
DA:349,0
DA:351,0
DA:357,0
DA:360,0
DA:361,0
DA:369,0
DA:370,0
DA:373,0
DA:376,0
DA:378,0
DA:384,0
DA:387,0
DA:388,0
DA:404,0
DA:405,0
DA:406,0
DA:407,0
DA:408,0
DA:411,0
DA:412,0
DA:413,0
DA:417,0
DA:421,0
DA:444,0
DA:446,0
DA:447,0
DA:450,0
DA:451,0
DA:454,0
DA:455,0
DA:458,0
DA:459,0
DA:462,0
DA:464,0
DA:465,0
DA:468,0
DA:479,0
DA:480,0
DA:482,0
DA:483,0
DA:486,0
DA:487,0
DA:490,0
DA:491,0
DA:494,0
DA:495,0
DA:498,0
DA:499,0
DA:503,0
DA:504,0
DA:507,0
DA:508,0
DA:511,0
DA:512,0
DA:513,0
DA:516,0
DA:527,0
DA:528,0
DA:529,0
DA:532,0
DA:533,0
DA:534,0
DA:537,0
DA:548,0
DA:549,0
DA:550,0
DA:552,0
DA:553,0
DA:554,0
DA:557,0
DA:558,0
DA:559,0
DA:562,0
DA:563,0
DA:564,0
DA:567,0
DA:568,0
DA:569,0
DA:572,0
DA:573,0
DA:574,0
DA:575,0
DA:576,0
DA:579,0
DA:584,0
DA:587,0
DA:588,0
DA:591,0
DA:596,0
DA:600,0
DA:604,0
DA:608,0
DA:610,0
DA:614,0
DA:617,0
DA:629,0
DA:643,0
DA:652,0
DA:656,0
DA:660,0
DA:662,0
DA:666,0
DA:670,0
DA:672,0
DA:676,0
DA:679,0
DA:680,0
DA:683,0
DA:687,0
DA:690,0
DA:700,0
DA:701,0
DA:714,0
DA:727,0
DA:728,0
DA:729,0
DA:734,0
DA:747,0
DA:748,0
DA:751,0
DA:758,0
DA:768,0
DA:769,0
DA:771,0
DA:772,0
DA:773,0
DA:775,0
DA:784,0
DA:785,0
DA:786,0
DA:789,0
DA:790,0
DA:791,0
DA:792,0
DA:796,0
DA:797,0
DA:800,0
DA:804,0
DA:805,0
DA:806,0
DA:807,0
DA:811,0
DA:812,0
DA:815,0
DA:820,0
DA:821,0
DA:822,0
DA:823,0
DA:824,0
DA:825,0
DA:826,0
DA:828,0
DA:829,0
DA:835,0
DA:840,0
DA:861,0
DA:882,0
DA:902,0
DA:921,0
DA:923,0
DA:934,0
DA:937,0
DA:938,0
DA:941,0
DA:945,0
DA:947,0
DA:949,0
DA:951,0
DA:954,0
DA:956,0
DA:962,0
DA:963,0
DA:967,0
DA:968,0
DA:973,0
DA:975,0
DA:976,0
DA:982,0
DA:983,0
DA:991,0
DA:992,0
DA:994,0
DA:995,0
DA:996,0
DA:997,0
DA:1006,0
DA:1007,0
DA:1008,0
DA:1009,0
DA:1010,0
DA:1011,0
DA:1013,0
LF:289
LH:0
BRDA:51,0,0,0
BRDA:87,1,0,0
BRDA:87,1,1,0
BRDA:92,2,0,0
BRDA:92,2,1,0
BRDA:97,3,0,0
BRDA:97,3,1,0
BRDA:102,4,0,0
BRDA:102,4,1,0
BRDA:107,5,0,0
BRDA:107,5,1,0
BRDA:112,6,0,0
BRDA:112,6,1,0
BRDA:143,7,0,0
BRDA:143,7,1,0
BRDA:154,8,0,0
BRDA:154,8,1,0
BRDA:156,9,0,0
BRDA:156,9,1,0
BRDA:164,10,0,0
BRDA:164,10,1,0
BRDA:172,11,0,0
BRDA:172,11,1,0
BRDA:172,12,0,0
BRDA:172,12,1,0
BRDA:180,13,0,0
BRDA:180,13,1,0
BRDA:180,14,0,0
BRDA:180,14,1,0
BRDA:182,15,0,0
BRDA:182,15,1,0
BRDA:244,16,0,0
BRDA:244,16,1,0
BRDA:250,17,0,0
BRDA:250,17,1,0
BRDA:256,18,0,0
BRDA:256,18,1,0
BRDA:276,19,0,0
BRDA:292,20,0,0
BRDA:292,20,1,0
BRDA:293,21,0,0
BRDA:293,21,1,0
BRDA:300,22,0,0
BRDA:300,22,1,0
BRDA:300,22,2,0
BRDA:300,22,3,0
BRDA:300,22,4,0
BRDA:323,23,0,0
BRDA:323,23,1,0
BRDA:324,24,0,0
BRDA:324,24,1,0
BRDA:325,25,0,0
BRDA:325,25,1,0
BRDA:342,26,0,0
BRDA:342,26,1,0
BRDA:352,27,0,0
BRDA:352,27,1,0
BRDA:369,28,0,0
BRDA:369,28,1,0
BRDA:379,29,0,0
BRDA:379,29,1,0
BRDA:412,30,0,0
BRDA:412,30,1,0
BRDA:436,31,0,0
BRDA:446,32,0,0
BRDA:446,32,1,0
BRDA:450,33,0,0
BRDA:450,33,1,0
BRDA:454,34,0,0
BRDA:454,34,1,0
BRDA:458,35,0,0
BRDA:458,35,1,0
BRDA:464,36,0,0
BRDA:464,36,1,0
BRDA:482,37,0,0
BRDA:482,37,1,0
BRDA:486,38,0,0
BRDA:486,38,1,0
BRDA:486,39,0,0
BRDA:486,39,1,0
BRDA:490,40,0,0
BRDA:490,40,1,0
BRDA:490,41,0,0
BRDA:490,41,1,0
BRDA:494,42,0,0
BRDA:494,42,1,0
BRDA:494,43,0,0
BRDA:494,43,1,0
BRDA:498,44,0,0
BRDA:498,44,1,0
BRDA:498,45,0,0
BRDA:498,45,1,0
BRDA:503,46,0,0
BRDA:503,46,1,0
BRDA:507,47,0,0
BRDA:507,47,1,0
BRDA:512,48,0,0
BRDA:512,48,1,0
BRDA:513,49,0,0
BRDA:513,49,1,0
BRDA:528,50,0,0
BRDA:528,50,1,0
BRDA:532,51,0,0
BRDA:532,51,1,0
BRDA:552,52,0,0
BRDA:552,52,1,0
BRDA:557,53,0,0
BRDA:557,53,1,0
BRDA:562,54,0,0
BRDA:562,54,1,0
BRDA:567,55,0,0
BRDA:567,55,1,0
BRDA:573,56,0,0
BRDA:573,56,1,0
BRDA:573,57,0,0
BRDA:573,57,1,0
BRDA:575,58,0,0
BRDA:575,58,1,0
BRDA:575,59,0,0
BRDA:575,59,1,0
BRDA:700,60,0,0
BRDA:700,60,1,0
BRDA:700,61,0,0
BRDA:700,61,1,0
BRDA:747,62,0,0
BRDA:747,62,1,0
BRDA:768,63,0,0
BRDA:768,63,1,0
BRDA:771,64,0,0
BRDA:771,64,1,0
BRDA:785,65,0,0
BRDA:785,65,1,0
BRDA:792,66,0,0
BRDA:792,66,1,0
BRDA:792,66,2,0
BRDA:792,66,3,0
BRDA:796,67,0,0
BRDA:796,67,1,0
BRDA:807,68,0,0
BRDA:807,68,1,0
BRDA:807,68,2,0
BRDA:807,68,3,0
BRDA:811,69,0,0
BRDA:811,69,1,0
BRDA:821,70,0,0
BRDA:821,70,1,0
BRDA:823,71,0,0
BRDA:823,71,1,0
BRDA:828,72,0,0
BRDA:828,72,1,0
BRDA:828,73,0,0
BRDA:828,73,1,0
BRDA:921,74,0,0
BRDA:921,74,1,0
BRDA:937,75,0,0
BRDA:937,75,1,0
BRDA:941,76,0,0
BRDA:941,76,1,0
BRDA:941,76,2,0
BRDA:945,77,0,0
BRDA:945,77,1,0
BRDA:945,77,2,0
BRDA:945,77,3,0
BRDA:945,77,4,0
BRDA:945,77,5,0
BRDA:975,78,0,0
BRDA:975,78,1,0
BRDA:982,79,0,0
BRDA:982,79,1,0
BRDA:995,80,0,0
BRDA:995,80,1,0
BRF:171
BRH:0
end_of_record
TN:
SF:src\lib\serviceContainer.ts
FN:26,(anonymous_0)
FN:37,(anonymous_1)
FN:47,(anonymous_2)
FN:57,(anonymous_3)
FN:70,(anonymous_4)
FN:135,(anonymous_5)
FN:146,(anonymous_6)
FN:153,(anonymous_7)
FN:171,(anonymous_8)
FN:198,(anonymous_9)
FNF:10
FNH:0
FNDA:0,(anonymous_0)
FNDA:0,(anonymous_1)
FNDA:0,(anonymous_2)
FNDA:0,(anonymous_3)
FNDA:0,(anonymous_4)
FNDA:0,(anonymous_5)
FNDA:0,(anonymous_6)
FNDA:0,(anonymous_7)
FNDA:0,(anonymous_8)
FNDA:0,(anonymous_9)
DA:23,0
DA:24,0
DA:27,0
DA:38,0
DA:39,0
DA:41,0
DA:48,0
DA:49,0
DA:51,0
DA:60,0
DA:61,0
DA:62,0
DA:64,0
DA:71,0
DA:73,0
DA:82,0
DA:83,0
DA:86,0
DA:91,0
DA:94,0
DA:99,0
DA:102,0
DA:108,0
DA:111,0
DA:117,0
DA:119,0
DA:120,0
DA:121,0
DA:122,0
DA:123,0
DA:124,0
DA:127,0
DA:128,0
DA:136,0
DA:138,0
DA:139,0
DA:147,0
DA:155,0
DA:156,0
DA:157,0
DA:161,0
DA:163,0
DA:164,0
DA:179,0
DA:180,0
DA:181,0
DA:182,0
DA:183,0
DA:185,0
DA:199,0
DA:202,0
DA:203,0
DA:207,0
DA:208,0
DA:211,0
DA:219,0
LF:56
LH:0
BRDA:26,0,0,0
BRDA:38,1,0,0
BRDA:38,1,1,0
BRDA:48,2,0,0
BRDA:48,2,1,0
BRDA:61,3,0,0
BRDA:61,3,1,0
BRDA:119,4,0,0
BRDA:119,4,1,0
BRDA:138,5,0,0
BRDA:138,5,1,0
BRDA:156,6,0,0
BRDA:156,6,1,0
BRDA:156,7,0,0
BRDA:156,7,1,0
BRDA:163,8,0,0
BRDA:163,8,1,0
BRDA:191,9,0,0
BRDA:191,9,1,0
BRDA:191,9,2,0
BRDA:191,9,3,0
BRDA:191,9,4,0
BRDA:202,10,0,0
BRDA:202,10,1,0
BRDA:202,11,0,0
BRDA:202,11,1,0
BRDA:207,12,0,0
BRDA:207,12,1,0
BRDA:207,13,0,0
BRDA:207,13,1,0
BRF:30
BRH:0
end_of_record
TN:
SF:src\lib\theme.js
FNF:0
FNH:0
DA:4,0
LF:1
LH:0
BRF:0
BRH:0
end_of_record
TN:
SF:src\types\index.ts
FN:946,(anonymous_0)
FN:958,(anonymous_1)
FN:969,(anonymous_2)
FNF:3
FNH:0
FNDA:0,(anonymous_0)
FNDA:0,(anonymous_1)
FNDA:0,(anonymous_2)
DA:948,0
DA:949,0
DA:950,0
DA:952,0
DA:953,0
DA:960,0
DA:961,0
DA:963,0
DA:964,0
DA:971,0
DA:972,0
DA:974,0
DA:975,0
LF:13
LH:0
BRF:0
BRH:0
end_of_record
